#
# There is insufficient memory for the Java Runtime Environment to continue.
# Native memory allocation (mmap) failed to map 805306368 bytes for G1 virtual space
# Possible reasons:
#   The system is out of physical RAM or swap space
#   The process is running with CompressedOops enabled, and the Java Heap may be blocking the growth of the native heap
# Possible solutions:
#   Reduce memory load on the system
#   Increase physical memory or swap space
#   Check if swap backing store is full
#   Decrease Java heap size (-Xmx/-Xms)
#   Decrease number of Java threads
#   Decrease Java thread stack sizes (-Xss)
#   Set larger code cache with -XX:ReservedCodeCacheSize=
#   JVM is running with Zero Based Compressed Oops mode in which the Java heap is
#     placed in the first 32GB address space. The Java Heap base address is the
#     maximum limit for the native heap growth. Please use -XX:HeapBaseMinAddress
#     to set the Java Heap base and to place the Java Heap above 32GB virtual address.
# This output file may be truncated or incomplete.
#
#  Out of Memory Error (os_windows.cpp:3536), pid=9116, tid=12628
#
# JRE version: Java(TM) SE Runtime Environment (19.0.2+7) (build 19.0.2+7-44)
# Java VM: Java HotSpot(TM) 64-Bit Server VM (19.0.2+7-44, mixed mode, sharing, tiered, compressed oops, compressed class ptrs, g1 gc, windows-amd64)
# No core dump will be written. Minidumps are not enabled by default on client versions of Windows
#

---------------  S U M M A R Y ------------

Command Line: -XX:MaxMetaspaceSize=4G -XX:ReservedCodeCacheSize=512m -XX:+HeapDumpOnOutOfMemoryError --add-opens=java.base/java.util=ALL-UNNAMED --add-opens=java.base/java.lang=ALL-UNNAMED --add-opens=java.base/java.lang.invoke=ALL-UNNAMED --add-opens=java.prefs/java.util.prefs=ALL-UNNAMED --add-exports=jdk.compiler/com.sun.tools.javac.api=ALL-UNNAMED --add-exports=jdk.compiler/com.sun.tools.javac.util=ALL-UNNAMED --add-opens=java.base/java.nio.charset=ALL-UNNAMED --add-opens=java.base/java.net=ALL-UNNAMED --add-opens=java.base/java.util.concurrent.atomic=ALL-UNNAMED -Xmx8G -Dfile.encoding=utf8 -Duser.country=US -Duser.language=en -Duser.variant -javaagent:C:\Users\Administrator\.gradle\wrapper\dists\gradle-8.10.2-all\7iv73wktx1xtkvlq19urqw1wm\gradle-8.10.2\lib\agents\gradle-instrumentation-agent-8.10.2.jar org.gradle.launcher.daemon.bootstrap.GradleDaemon 8.10.2

Host: Intel(R) Core(TM) i7-4810MQ CPU @ 2.80GHz, 8 cores, 15G,  Windows 10 , 64 bit Build 19041 (10.0.19041.5794)
Time: Mon May 26 09:39:43 2025 China Standard Time elapsed time: 219.814404 seconds (0d 0h 3m 39s)

---------------  T H R E A D  ---------------

Current thread (0x000001d44695f770):  VMThread "VM Thread" [stack: 0x0000005eb4e00000,0x0000005eb4f00000] [id=12628]

Stack: [0x0000005eb4e00000,0x0000005eb4f00000]
Native frames: (J=compiled Java code, j=interpreted, Vv=VM code, C=native code)
V  [jvm.dll+0x6ee21a]
V  [jvm.dll+0x85765e]
V  [jvm.dll+0x85904e]
V  [jvm.dll+0x859703]
V  [jvm.dll+0x28298f]
V  [jvm.dll+0x6eb009]
V  [jvm.dll+0x6dfbaa]
V  [jvm.dll+0x3573f6]
V  [jvm.dll+0x35ee56]
V  [jvm.dll+0x3b541e]
V  [jvm.dll+0x3b564f]
V  [jvm.dll+0x32c9ea]
V  [jvm.dll+0x32ca97]
V  [jvm.dll+0x374cd2]
V  [jvm.dll+0x37340f]
V  [jvm.dll+0x32c210]
V  [jvm.dll+0x3729ab]
V  [jvm.dll+0x85ebc3]
V  [jvm.dll+0x85f989]
V  [jvm.dll+0x85febd]
V  [jvm.dll+0x86034b]
V  [jvm.dll+0x860407]
V  [jvm.dll+0x80125a]
V  [jvm.dll+0x6ecf0b]
C  [ucrtbase.dll+0x21bb2]
C  [KERNEL32.DLL+0x17374]
C  [ntdll.dll+0x4cc91]

VM_Operation (0x0000005eb69fec10): G1CollectForAllocation, mode: safepoint, requested by thread 0x000001d451fc8800


---------------  P R O C E S S  ---------------

Threads class SMR info:
_java_thread_list=0x000001d44e4d8890, length=136, elements={
0x000001d40b2dce50, 0x000001d44921b300, 0x000001d44921dd40, 0x000001d44921fa10,
0x000001d449242460, 0x000001d449243160, 0x000001d449243bd0, 0x000001d449248d60,
0x000001d44924f0f0, 0x000001d449252a80, 0x000001d449211310, 0x000001d449432cf0,
0x000001d44f05d780, 0x000001d44f24d710, 0x000001d44f2ca910, 0x000001d44f3eda20,
0x000001d44f2d3eb0, 0x000001d44f2d53f0, 0x000001d44f2d4ea0, 0x000001d44f2d5940,
0x000001d44f2d3410, 0x000001d451c00080, 0x000001d451c02060, 0x000001d451c015c0,
0x000001d451c03050, 0x000001d451c03af0, 0x000001d451c02b00, 0x000001d451c035a0,
0x000001d451c06020, 0x000001d451c005d0, 0x000001d451c01070, 0x000001d451fc8d50,
0x000001d455b8dbd0, 0x000001d451fc6820, 0x000001d451fc6d70, 0x000001d451fc72c0,
0x000001d451fc92a0, 0x000001d451fc8800, 0x000001d451fc82b0, 0x000001d451fc7810,
0x000001d451fc7d60, 0x000001d451fc9d40, 0x000001d451fcb7d0, 0x000001d451fccd10,
0x000001d451fcad30, 0x000001d451fc5830, 0x000001d451fcbd20, 0x000001d44f972ae0,
0x000001d44f973030, 0x000001d44f975010, 0x000001d44f976aa0, 0x000001d44f976ff0,
0x000001d44f97a510, 0x000001d44f977a90, 0x000001d44f978a80, 0x000001d44f979fc0,
0x000001d44f976550, 0x000001d44f975560, 0x000001d44f973580, 0x000001d44f975ab0,
0x000001d44f974ac0, 0x000001d44f973ad0, 0x000001d44f977540, 0x000001d44f974570,
0x000001d44f974020, 0x000001d44f977fe0, 0x000001d44f978530, 0x000001d44f979a70,
0x000001d44f978fd0, 0x000001d44f979520, 0x000001d4505b5970, 0x000001d4505b1f00,
0x000001d4505b6960, 0x000001d4505b6eb0, 0x000001d4505b0f10, 0x000001d4505b7950,
0x000001d4505b5ec0, 0x000001d4505b4430, 0x000001d4505b7400, 0x000001d4505b29a0,
0x000001d4505b3ee0, 0x000001d4505b0470, 0x000001d4505b6410, 0x000001d4505b2450,
0x000001d4505b4980, 0x000001d4505b7ea0, 0x000001d4505b2ef0, 0x000001d4505b4ed0,
0x000001d4505b09c0, 0x000001d4505b3440, 0x000001d4505b5420, 0x000001d452bb1740,
0x000001d452bb1c90, 0x000001d452bb21e0, 0x000001d452bae220, 0x000001d452babcf0,
0x000001d452baf760, 0x000001d452bb31d0, 0x000001d452baf210, 0x000001d452bac790,
0x000001d452bad780, 0x000001d452bb0750, 0x000001d452bb0200, 0x000001d451c025b0,
0x000001d451c05ad0, 0x000001d451c04040, 0x000001d451c04590, 0x000001d451c06570,
0x000001d451c04ae0, 0x000001d451c06ac0, 0x000001d451c05030, 0x000001d451c07010,
0x000001d451c05580, 0x000001d451bff5e0, 0x000001d455487410, 0x000001d455487f30,
0x000001d454670840, 0x000001d454671d80, 0x000001d4546712e0, 0x000001d454672d70,
0x000001d454672820, 0x000001d4546732c0, 0x000001d454671830, 0x000001d454673810,
0x000001d4546722d0, 0x000001d44f2d4400, 0x000001d44f2d4950, 0x000001d44f2d63e0,
0x000001d44f2d2ec0, 0x000001d44f2d3960, 0x000001d455b8a6b0, 0x000001d455b8ac00,
0x000001d455b8ebc0, 0x000001d451fc62d0, 0x000001d4556c3be0, 0x000001d4556c1160
}

Java Threads: ( => current thread )
  0x000001d40b2dce50 JavaThread "main" [_thread_blocked, id=18508, stack(0x0000005eb4800000,0x0000005eb4900000)]
  0x000001d44921b300 JavaThread "Reference Handler" daemon [_thread_blocked, id=23392, stack(0x0000005eb4f00000,0x0000005eb5000000)]
  0x000001d44921dd40 JavaThread "Finalizer" daemon [_thread_blocked, id=10404, stack(0x0000005eb5000000,0x0000005eb5100000)]
  0x000001d44921fa10 JavaThread "Signal Dispatcher" daemon [_thread_blocked, id=18760, stack(0x0000005eb5100000,0x0000005eb5200000)]
  0x000001d449242460 JavaThread "Attach Listener" daemon [_thread_blocked, id=2604, stack(0x0000005eb5200000,0x0000005eb5300000)]
  0x000001d449243160 JavaThread "Service Thread" daemon [_thread_blocked, id=22708, stack(0x0000005eb5300000,0x0000005eb5400000)]
  0x000001d449243bd0 JavaThread "Monitor Deflation Thread" daemon [_thread_blocked, id=20264, stack(0x0000005eb5400000,0x0000005eb5500000)]
  0x000001d449248d60 JavaThread "C2 CompilerThread0" daemon [_thread_blocked, id=14420, stack(0x0000005eb5500000,0x0000005eb5600000)]
  0x000001d44924f0f0 JavaThread "C1 CompilerThread0" daemon [_thread_blocked, id=6488, stack(0x0000005eb5600000,0x0000005eb5700000)]
  0x000001d449252a80 JavaThread "Sweeper thread" daemon [_thread_blocked, id=14284, stack(0x0000005eb5700000,0x0000005eb5800000)]
  0x000001d449211310 JavaThread "Common-Cleaner" daemon [_thread_blocked, id=19716, stack(0x0000005eb5800000,0x0000005eb5900000)]
  0x000001d449432cf0 JavaThread "Notification Thread" daemon [_thread_blocked, id=23104, stack(0x0000005eb5900000,0x0000005eb5a00000)]
  0x000001d44f05d780 JavaThread "Daemon health stats" [_thread_blocked, id=12668, stack(0x0000005eb5c00000,0x0000005eb5d00000)]
  0x000001d44f24d710 JavaThread "Incoming local TCP Connector on port 50501" [_thread_in_native, id=21232, stack(0x0000005eb5b00000,0x0000005eb5c00000)]
  0x000001d44f2ca910 JavaThread "Daemon periodic checks" [_thread_blocked, id=17988, stack(0x0000005eb6400000,0x0000005eb6500000)]
  0x000001d44f3eda20 JavaThread "Daemon" [_thread_blocked, id=18348, stack(0x0000005eb6500000,0x0000005eb6600000)]
  0x000001d44f2d3eb0 JavaThread "Daemon worker" [_thread_blocked, id=11560, stack(0x0000005eb6800000,0x0000005eb6900000)]
  0x000001d44f2d53f0 JavaThread "Cache worker for journal cache (C:\Users\Administrator\.gradle\caches\journal-1)" [_thread_blocked, id=7264, stack(0x0000005eb6c00000,0x0000005eb6d00000)]
  0x000001d44f2d4ea0 JavaThread "File lock request listener" [_thread_in_native, id=22820, stack(0x0000005eb6d00000,0x0000005eb6e00000)]
  0x000001d44f2d5940 JavaThread "Cache worker for file hash cache (C:\Users\Administrator\.gradle\caches\8.10.2\fileHashes)" [_thread_blocked, id=21112, stack(0x0000005eb6e00000,0x0000005eb6f00000)]
  0x000001d44f2d3410 JavaThread "File watcher server" daemon [_thread_in_native, id=10732, stack(0x0000005eb7400000,0x0000005eb7500000)]
  0x000001d451c00080 JavaThread "File watcher consumer" daemon [_thread_blocked, id=18860, stack(0x0000005eb7500000,0x0000005eb7600000)]
  0x000001d451c02060 JavaThread "jar transforms" [_thread_blocked, id=21820, stack(0x0000005eb7000000,0x0000005eb7100000)]
  0x000001d451c015c0 JavaThread "jar transforms Thread 2" [_thread_blocked, id=3992, stack(0x0000005eb7600000,0x0000005eb7700000)]
  0x000001d451c03050 JavaThread "jar transforms Thread 3" [_thread_blocked, id=20572, stack(0x0000005eb7700000,0x0000005eb7800000)]
  0x000001d451c03af0 JavaThread "Cache worker for file content cache (C:\Users\Administrator\.gradle\caches\8.10.2\fileContent)" [_thread_blocked, id=22692, stack(0x0000005eb7a00000,0x0000005eb7b00000)]
  0x000001d451c02b00 JavaThread "jar transforms Thread 4" [_thread_blocked, id=13944, stack(0x0000005eb7d00000,0x0000005eb7e00000)]
  0x000001d451c035a0 JavaThread "jar transforms Thread 5" [_thread_blocked, id=22316, stack(0x0000005eb7e00000,0x0000005eb7f00000)]
  0x000001d451c06020 JavaThread "jar transforms Thread 6" [_thread_blocked, id=14700, stack(0x0000005eb7f00000,0x0000005eb8000000)]
  0x000001d451c005d0 JavaThread "jar transforms Thread 7" [_thread_blocked, id=6820, stack(0x0000005eb8000000,0x0000005eb8100000)]
  0x000001d451c01070 JavaThread "jar transforms Thread 8" [_thread_blocked, id=11288, stack(0x0000005eb8100000,0x0000005eb8200000)]
  0x000001d451fc8d50 JavaThread "Memory manager" [_thread_blocked, id=19492, stack(0x0000005eb9800000,0x0000005eb9900000)]
  0x000001d455b8dbd0 JavaThread "pool-3-thread-1" [_thread_blocked, id=21032, stack(0x0000005ebde00000,0x0000005ebdf00000)]
  0x000001d451fc6820 JavaThread "Handler for socket connection from /127.0.0.1:50501 to /127.0.0.1:50820" [_thread_in_native, id=21936, stack(0x0000005eb4600000,0x0000005eb4700000)]
  0x000001d451fc6d70 JavaThread "Cancel handler" [_thread_blocked, id=17120, stack(0x0000005eb4700000,0x0000005eb4800000)]
  0x000001d451fc72c0 JavaThread "Asynchronous log dispatcher for DefaultDaemonConnection: socket connection from /127.0.0.1:50501 to /127.0.0.1:50820" [_thread_blocked, id=22788, stack(0x0000005eb6600000,0x0000005eb6700000)]
  0x000001d451fc92a0 JavaThread "Stdin handler" [_thread_blocked, id=12284, stack(0x0000005eb6700000,0x0000005eb6800000)]
  0x000001d451fc8800 JavaThread "Daemon client event forwarder" [_thread_blocked, id=10496, stack(0x0000005eb6900000,0x0000005eb6a00000)]
  0x000001d451fc82b0 JavaThread "Cache worker for file hash cache (D:\CodingProjects\CMSC23\project-trippals\android\.gradle\8.10.2\fileHashes)" [_thread_blocked, id=17452, stack(0x0000005eb6a00000,0x0000005eb6b00000)]
  0x000001d451fc7810 JavaThread "Cache worker for Build Output Cleanup Cache (D:\CodingProjects\CMSC23\project-trippals\android\.gradle\buildOutputCleanup)" [_thread_blocked, id=23360, stack(0x0000005eb6b00000,0x0000005eb6c00000)]
  0x000001d451fc7d60 JavaThread "Cache worker for checksums cache (D:\CodingProjects\CMSC23\project-trippals\android\.gradle\8.10.2\checksums)" [_thread_blocked, id=10912, stack(0x0000005eb7300000,0x0000005eb7400000)]
  0x000001d451fc9d40 JavaThread "Cache worker for cache directory md-rule (C:\Users\Administrator\.gradle\caches\8.10.2\md-rule)" [_thread_blocked, id=22300, stack(0x0000005eb7800000,0x0000005eb7900000)]
  0x000001d451fcb7d0 JavaThread "Cache worker for cache directory md-supplier (C:\Users\Administrator\.gradle\caches\8.10.2\md-supplier)" [_thread_blocked, id=21440, stack(0x0000005eb7900000,0x0000005eb7a00000)]
  0x000001d451fccd10 JavaThread "Cache worker for Build Output Cleanup Cache (D:\Installers\Flutter\flutter\packages\flutter_tools\gradle\.gradle\buildOutputCleanup)" [_thread_blocked, id=20500, stack(0x0000005eb7b00000,0x0000005eb7c00000)]
  0x000001d451fcad30 JavaThread "Unconstrained build operations" [_thread_blocked, id=14012, stack(0x0000005eb7c00000,0x0000005eb7d00000)]
  0x000001d451fc5830 JavaThread "Unconstrained build operations Thread 2" [_thread_blocked, id=23120, stack(0x0000005eb8200000,0x0000005eb8300000)]
  0x000001d451fcbd20 JavaThread "Unconstrained build operations Thread 3" [_thread_blocked, id=476, stack(0x0000005eb8400000,0x0000005eb8500000)]
  0x000001d44f972ae0 JavaThread "Unconstrained build operations Thread 4" [_thread_blocked, id=23412, stack(0x0000005eb8500000,0x0000005eb8600000)]
  0x000001d44f973030 JavaThread "Unconstrained build operations Thread 5" [_thread_blocked, id=6688, stack(0x0000005eb8600000,0x0000005eb8700000)]
  0x000001d44f975010 JavaThread "Unconstrained build operations Thread 6" [_thread_blocked, id=3192, stack(0x0000005eb8700000,0x0000005eb8800000)]
  0x000001d44f976aa0 JavaThread "Unconstrained build operations Thread 7" [_thread_blocked, id=12976, stack(0x0000005eb8800000,0x0000005eb8900000)]
  0x000001d44f976ff0 JavaThread "Unconstrained build operations Thread 8" [_thread_blocked, id=6692, stack(0x0000005eb8900000,0x0000005eb8a00000)]
  0x000001d44f97a510 JavaThread "Unconstrained build operations Thread 9" [_thread_blocked, id=20552, stack(0x0000005eb8a00000,0x0000005eb8b00000)]
  0x000001d44f977a90 JavaThread "Unconstrained build operations Thread 10" [_thread_blocked, id=19836, stack(0x0000005eb8b00000,0x0000005eb8c00000)]
  0x000001d44f978a80 JavaThread "Unconstrained build operations Thread 11" [_thread_blocked, id=20636, stack(0x0000005eb8c00000,0x0000005eb8d00000)]
  0x000001d44f979fc0 JavaThread "Unconstrained build operations Thread 12" [_thread_blocked, id=76, stack(0x0000005eb8d00000,0x0000005eb8e00000)]
  0x000001d44f976550 JavaThread "Unconstrained build operations Thread 13" [_thread_blocked, id=11864, stack(0x0000005eb8e00000,0x0000005eb8f00000)]
  0x000001d44f975560 JavaThread "Unconstrained build operations Thread 14" [_thread_blocked, id=21192, stack(0x0000005eb8f00000,0x0000005eb9000000)]
  0x000001d44f973580 JavaThread "build event listener" [_thread_blocked, id=22928, stack(0x0000005eb9000000,0x0000005eb9100000)]
  0x000001d44f975ab0 JavaThread "included builds" [_thread_blocked, id=16788, stack(0x0000005eb4500000,0x0000005eb4600000)]
  0x000001d44f974ac0 JavaThread "Execution worker" [_thread_blocked, id=6096, stack(0x0000005eb7200000,0x0000005eb7300000)]
  0x000001d44f973ad0 JavaThread "Execution worker Thread 2" [_thread_blocked, id=10024, stack(0x0000005eb8300000,0x0000005eb8400000)]
  0x000001d44f977540 JavaThread "Execution worker Thread 3" [_thread_blocked, id=22124, stack(0x0000005eb9100000,0x0000005eb9200000)]
  0x000001d44f974570 JavaThread "Execution worker Thread 4" [_thread_blocked, id=22764, stack(0x0000005eb9200000,0x0000005eb9300000)]
  0x000001d44f974020 JavaThread "Execution worker Thread 5" [_thread_blocked, id=22312, stack(0x0000005eb9300000,0x0000005eb9400000)]
  0x000001d44f977fe0 JavaThread "Execution worker Thread 6" [_thread_blocked, id=5736, stack(0x0000005eb9400000,0x0000005eb9500000)]
  0x000001d44f978530 JavaThread "Execution worker Thread 7" [_thread_blocked, id=21984, stack(0x0000005eb9500000,0x0000005eb9600000)]
  0x000001d44f979a70 JavaThread "Cache worker for execution history cache (D:\Installers\Flutter\flutter\packages\flutter_tools\gradle\.gradle\8.10.2\executionHistory)" [_thread_blocked, id=12488, stack(0x0000005eb9600000,0x0000005eb9700000)]
  0x000001d44f978fd0 JavaThread "Unconstrained build operations Thread 15" [_thread_blocked, id=17548, stack(0x0000005eb9700000,0x0000005eb9800000)]
  0x000001d44f979520 JavaThread "Unconstrained build operations Thread 16" [_thread_blocked, id=8808, stack(0x0000005eb9900000,0x0000005eb9a00000)]
  0x000001d4505b5970 JavaThread "Unconstrained build operations Thread 17" [_thread_blocked, id=10044, stack(0x0000005eb9a00000,0x0000005eb9b00000)]
  0x000001d4505b1f00 JavaThread "Unconstrained build operations Thread 18" [_thread_blocked, id=14260, stack(0x0000005eb9b00000,0x0000005eb9c00000)]
  0x000001d4505b6960 JavaThread "Unconstrained build operations Thread 19" [_thread_blocked, id=22360, stack(0x0000005eb9c00000,0x0000005eb9d00000)]
  0x000001d4505b6eb0 JavaThread "Unconstrained build operations Thread 20" [_thread_blocked, id=23020, stack(0x0000005eb9d00000,0x0000005eb9e00000)]
  0x000001d4505b0f10 JavaThread "Unconstrained build operations Thread 21" [_thread_blocked, id=1264, stack(0x0000005eb9e00000,0x0000005eb9f00000)]
  0x000001d4505b7950 JavaThread "Unconstrained build operations Thread 22" [_thread_blocked, id=21016, stack(0x0000005eb9f00000,0x0000005eba000000)]
  0x000001d4505b5ec0 JavaThread "Unconstrained build operations Thread 23" [_thread_blocked, id=18516, stack(0x0000005eba000000,0x0000005eba100000)]
  0x000001d4505b4430 JavaThread "Unconstrained build operations Thread 24" [_thread_blocked, id=16028, stack(0x0000005eba100000,0x0000005eba200000)]
  0x000001d4505b7400 JavaThread "Unconstrained build operations Thread 25" [_thread_blocked, id=7460, stack(0x0000005eba200000,0x0000005eba300000)]
  0x000001d4505b29a0 JavaThread "Unconstrained build operations Thread 26" [_thread_blocked, id=22988, stack(0x0000005eba300000,0x0000005eba400000)]
  0x000001d4505b3ee0 JavaThread "Unconstrained build operations Thread 27" [_thread_blocked, id=21420, stack(0x0000005eba400000,0x0000005eba500000)]
  0x000001d4505b0470 JavaThread "Unconstrained build operations Thread 28" [_thread_blocked, id=17620, stack(0x0000005eba500000,0x0000005eba600000)]
  0x000001d4505b6410 JavaThread "Unconstrained build operations Thread 29" [_thread_blocked, id=22892, stack(0x0000005eba600000,0x0000005eba700000)]
  0x000001d4505b2450 JavaThread "Unconstrained build operations Thread 30" [_thread_blocked, id=22364, stack(0x0000005eba700000,0x0000005eba800000)]
  0x000001d4505b4980 JavaThread "Unconstrained build operations Thread 31" [_thread_blocked, id=14676, stack(0x0000005eba800000,0x0000005eba900000)]
  0x000001d4505b7ea0 JavaThread "Unconstrained build operations Thread 32" [_thread_blocked, id=14512, stack(0x0000005eba900000,0x0000005ebaa00000)]
  0x000001d4505b2ef0 JavaThread "Unconstrained build operations Thread 33" [_thread_blocked, id=22024, stack(0x0000005ebab00000,0x0000005ebac00000)]
  0x000001d4505b4ed0 JavaThread "Unconstrained build operations Thread 34" [_thread_blocked, id=21832, stack(0x0000005ebac00000,0x0000005ebad00000)]
  0x000001d4505b09c0 JavaThread "Unconstrained build operations Thread 35" [_thread_blocked, id=1704, stack(0x0000005ebad00000,0x0000005ebae00000)]
  0x000001d4505b3440 JavaThread "Unconstrained build operations Thread 36" [_thread_blocked, id=21100, stack(0x0000005ebae00000,0x0000005ebaf00000)]
  0x000001d4505b5420 JavaThread "Unconstrained build operations Thread 37" [_thread_blocked, id=18412, stack(0x0000005ebaf00000,0x0000005ebb000000)]
  0x000001d452bb1740 JavaThread "Unconstrained build operations Thread 38" [_thread_blocked, id=12880, stack(0x0000005ebb000000,0x0000005ebb100000)]
  0x000001d452bb1c90 JavaThread "Unconstrained build operations Thread 39" [_thread_blocked, id=8432, stack(0x0000005ebb100000,0x0000005ebb200000)]
  0x000001d452bb21e0 JavaThread "Unconstrained build operations Thread 40" [_thread_blocked, id=10744, stack(0x0000005ebb300000,0x0000005ebb400000)]
  0x000001d452bae220 JavaThread "Unconstrained build operations Thread 41" [_thread_blocked, id=15272, stack(0x0000005ebb400000,0x0000005ebb500000)]
  0x000001d452babcf0 JavaThread "Unconstrained build operations Thread 42" [_thread_blocked, id=6500, stack(0x0000005ebb500000,0x0000005ebb600000)]
  0x000001d452baf760 JavaThread "Unconstrained build operations Thread 43" [_thread_blocked, id=17980, stack(0x0000005ebb600000,0x0000005ebb700000)]
  0x000001d452bb31d0 JavaThread "Unconstrained build operations Thread 44" [_thread_blocked, id=22096, stack(0x0000005ebb700000,0x0000005ebb800000)]
  0x000001d452baf210 JavaThread "Unconstrained build operations Thread 45" [_thread_blocked, id=14128, stack(0x0000005ebb800000,0x0000005ebb900000)]
  0x000001d452bac790 JavaThread "Unconstrained build operations Thread 46" [_thread_blocked, id=18008, stack(0x0000005ebb900000,0x0000005ebba00000)]
  0x000001d452bad780 JavaThread "Unconstrained build operations Thread 47" [_thread_blocked, id=17524, stack(0x0000005ebba00000,0x0000005ebbb00000)]
  0x000001d452bb0750 JavaThread "Unconstrained build operations Thread 48" [_thread_blocked, id=9860, stack(0x0000005ebbb00000,0x0000005ebbc00000)]
  0x000001d452bb0200 JavaThread "Unconstrained build operations Thread 49" [_thread_blocked, id=1224, stack(0x0000005ebbc00000,0x0000005ebbd00000)]
  0x000001d451c025b0 JavaThread "Unconstrained build operations Thread 50" [_thread_blocked, id=15116, stack(0x0000005ebbd00000,0x0000005ebbe00000)]
  0x000001d451c05ad0 JavaThread "Unconstrained build operations Thread 51" [_thread_blocked, id=3652, stack(0x0000005ebbe00000,0x0000005ebbf00000)]
  0x000001d451c04040 JavaThread "Unconstrained build operations Thread 52" [_thread_blocked, id=11852, stack(0x0000005ebbf00000,0x0000005ebc000000)]
  0x000001d451c04590 JavaThread "Unconstrained build operations Thread 53" [_thread_blocked, id=4412, stack(0x0000005ebc000000,0x0000005ebc100000)]
  0x000001d451c06570 JavaThread "Unconstrained build operations Thread 54" [_thread_blocked, id=23156, stack(0x0000005ebc100000,0x0000005ebc200000)]
  0x000001d451c04ae0 JavaThread "Unconstrained build operations Thread 55" [_thread_blocked, id=18752, stack(0x0000005ebc200000,0x0000005ebc300000)]
  0x000001d451c06ac0 JavaThread "Unconstrained build operations Thread 56" [_thread_blocked, id=5972, stack(0x0000005ebc300000,0x0000005ebc400000)]
  0x000001d451c05030 JavaThread "Unconstrained build operations Thread 57" [_thread_blocked, id=2460, stack(0x0000005ebc400000,0x0000005ebc500000)]
  0x000001d451c07010 JavaThread "Unconstrained build operations Thread 58" [_thread_blocked, id=18168, stack(0x0000005ebc500000,0x0000005ebc600000)]
  0x000001d451c05580 JavaThread "Unconstrained build operations Thread 59" [_thread_blocked, id=21188, stack(0x0000005ebc600000,0x0000005ebc700000)]
  0x000001d451bff5e0 JavaThread "Unconstrained build operations Thread 60" [_thread_blocked, id=17880, stack(0x0000005ebc700000,0x0000005ebc800000)]
  0x000001d455487410 JavaThread "C2 CompilerThread1" daemon [_thread_in_native, id=20824, stack(0x0000005ebaa00000,0x0000005ebab00000)]
  0x000001d455487f30 JavaThread "C2 CompilerThread2" daemon [_thread_blocked, id=20512, stack(0x0000005ebb200000,0x0000005ebb300000)]
  0x000001d454670840 JavaThread "Unconstrained build operations Thread 61" [_thread_blocked, id=20028, stack(0x0000005ebc800000,0x0000005ebc900000)]
  0x000001d454671d80 JavaThread "Unconstrained build operations Thread 62" [_thread_blocked, id=21644, stack(0x0000005ebc900000,0x0000005ebca00000)]
  0x000001d4546712e0 JavaThread "Unconstrained build operations Thread 63" [_thread_blocked, id=21296, stack(0x0000005ebca00000,0x0000005ebcb00000)]
  0x000001d454672d70 JavaThread "Unconstrained build operations Thread 64" [_thread_blocked, id=9920, stack(0x0000005ebcb00000,0x0000005ebcc00000)]
  0x000001d454672820 JavaThread "Unconstrained build operations Thread 65" [_thread_blocked, id=23072, stack(0x0000005ebcc00000,0x0000005ebcd00000)]
  0x000001d4546732c0 JavaThread "Unconstrained build operations Thread 66" [_thread_blocked, id=18676, stack(0x0000005ebcd00000,0x0000005ebce00000)]
  0x000001d454671830 JavaThread "Unconstrained build operations Thread 67" [_thread_blocked, id=15276, stack(0x0000005ebce00000,0x0000005ebcf00000)]
  0x000001d454673810 JavaThread "Unconstrained build operations Thread 68" [_thread_blocked, id=20356, stack(0x0000005ebcf00000,0x0000005ebd000000)]
  0x000001d4546722d0 JavaThread "Unconstrained build operations Thread 69" [_thread_blocked, id=17072, stack(0x0000005ebd000000,0x0000005ebd100000)]
  0x000001d44f2d4400 JavaThread "Unconstrained build operations Thread 70" [_thread_blocked, id=4944, stack(0x0000005ebd100000,0x0000005ebd200000)]
  0x000001d44f2d4950 JavaThread "Unconstrained build operations Thread 71" [_thread_blocked, id=19092, stack(0x0000005ebd200000,0x0000005ebd300000)]
  0x000001d44f2d63e0 JavaThread "Unconstrained build operations Thread 72" [_thread_blocked, id=21396, stack(0x0000005ebd300000,0x0000005ebd400000)]
  0x000001d44f2d2ec0 JavaThread "Unconstrained build operations Thread 73" [_thread_blocked, id=2060, stack(0x0000005ebd400000,0x0000005ebd500000)]
  0x000001d44f2d3960 JavaThread "Unconstrained build operations Thread 74" [_thread_blocked, id=20684, stack(0x0000005ebd500000,0x0000005ebd600000)]
  0x000001d455b8a6b0 JavaThread "Unconstrained build operations Thread 75" [_thread_blocked, id=3012, stack(0x0000005ebd600000,0x0000005ebd700000)]
  0x000001d455b8ac00 JavaThread "Unconstrained build operations Thread 76" [_thread_blocked, id=20000, stack(0x0000005ebd700000,0x0000005ebd800000)]
  0x000001d455b8ebc0 JavaThread "Unconstrained build operations Thread 77" [_thread_blocked, id=13104, stack(0x0000005ebd800000,0x0000005ebd900000)]
  0x000001d451fc62d0 JavaThread "Unconstrained build operations Thread 78" [_thread_blocked, id=13092, stack(0x0000005ebd900000,0x0000005ebda00000)]
  0x000001d4556c3be0 JavaThread "Unconstrained build operations Thread 79" [_thread_blocked, id=7904, stack(0x0000005ebda00000,0x0000005ebdb00000)]
  0x000001d4556c1160 JavaThread "Unconstrained build operations Thread 80" [_thread_blocked, id=11340, stack(0x0000005ebdb00000,0x0000005ebdc00000)]

Other Threads:
=>0x000001d44695f770 VMThread "VM Thread" [stack: 0x0000005eb4e00000,0x0000005eb4f00000] [id=12628]
  0x000001d449433230 WatcherThread "VM Periodic Task Thread" [stack: 0x0000005eb5a00000,0x0000005eb5b00000] [id=11916]
  0x000001d40b34b900 WorkerThread "GC Thread#0" [stack: 0x0000005eb4900000,0x0000005eb4a00000] [id=7576]
  0x000001d44db46f80 WorkerThread "GC Thread#1" [stack: 0x0000005eb5d00000,0x0000005eb5e00000] [id=18036]
  0x000001d44d8c1690 WorkerThread "GC Thread#2" [stack: 0x0000005eb5e00000,0x0000005eb5f00000] [id=22040]
  0x000001d44950a270 WorkerThread "GC Thread#3" [stack: 0x0000005eb5f00000,0x0000005eb6000000] [id=18684]
  0x000001d44dbe4f40 WorkerThread "GC Thread#4" [stack: 0x0000005eb6000000,0x0000005eb6100000] [id=7916]
  0x000001d44dbe54e0 WorkerThread "GC Thread#5" [stack: 0x0000005eb6100000,0x0000005eb6200000] [id=17296]
  0x000001d44dbe4130 WorkerThread "GC Thread#6" [stack: 0x0000005eb6200000,0x0000005eb6300000] [id=19908]
  0x000001d44f200340 WorkerThread "GC Thread#7" [stack: 0x0000005eb6300000,0x0000005eb6400000] [id=15660]
  0x000001d4467b1c10 ConcurrentGCThread "G1 Main Marker" [stack: 0x0000005eb4a00000,0x0000005eb4b00000] [id=22372]
  0x000001d40b35d5d0 WorkerThread "G1 Conc#0" [stack: 0x0000005eb4b00000,0x0000005eb4c00000] [id=972]
  0x000001d44f200bb0 WorkerThread "G1 Conc#1" [stack: 0x0000005eb7100000,0x0000005eb7200000] [id=22324]
  0x000001d40b37e430 ConcurrentGCThread "G1 Refine#0" [stack: 0x0000005eb4c00000,0x0000005eb4d00000] [id=19140]
  0x000001d44681b000 ConcurrentGCThread "G1 Service" [stack: 0x0000005eb4d00000,0x0000005eb4e00000] [id=20584]

Threads with active compile tasks:
C2 CompilerThread1   219875 21283       4       org.gradle.api.internal.artifacts.transform.AbstractTransformedArtifactSet::visit (104 bytes)

VM state: at safepoint (normal execution)

VM Mutex/Monitor currently owned by a thread:  ([mutex/lock_event])
[0x000001d40b2d8930] Threads_lock - owner thread: 0x000001d44695f770
[0x000001d40b2d89c0] Heap_lock - owner thread: 0x000001d451fc8800

Heap address: 0x0000000600000000, size: 8192 MB, Compressed Oops mode: Zero based, Oop shift amount: 3

CDS archive(s) mapped at: [0x0000000800000000-0x0000000800c40000-0x0000000800c40000), size 12845056, SharedBaseAddress: 0x0000000800000000, ArchiveRelocationMode: 0.
Compressed class space mapped at: 0x0000000801000000-0x0000000841000000, reserved size: 1073741824
Narrow klass base: 0x0000000800000000, Narrow klass shift: 0, Narrow klass range: 0x100000000

GC Precious Log:
 CardTable entry size: 512
 Card Set container configuration: InlinePtr #cards 4 size 8 Array Of Cards #cards 32 size 80 Howl #buckets 8 coarsen threshold 7372 Howl Bitmap #cards 1024 size 144 coarsen threshold 921 Card regions per heap region 1 cards per card region 8192
 CPUs: 8 total, 8 available
 Memory: 16098M
 Large Page Support: Disabled
 NUMA Support: Disabled
 Compressed Oops: Enabled (Zero based)
 Heap Region Size: 4M
 Heap Min Capacity: 8M
 Heap Initial Capacity: 252M
 Heap Max Capacity: 8G
 Pre-touch: Disabled
 Parallel Workers: 8
 Concurrent Workers: 2
 Concurrent Refinement Workers: 8
 Periodic GC: Disabled

Heap:
 garbage-first heap   total 622592K, used 354381K [0x0000000600000000, 0x0000000800000000)
  region size 4096K, 6 young (24576K), 6 survivors (24576K)
 Metaspace       used 133102K, committed 136064K, reserved 1179648K
  class space    used 17630K, committed 19072K, reserved 1048576K

Heap Regions: E=young(eden), S=young(survivor), O=old, HS=humongous(starts), HC=humongous(continues), CS=collection set, F=free, OA=open archive, CA=closed archive, TAMS=top-at-mark-start (previous, next)
|   0|0x0000000600000000, 0x0000000600400000, 0x0000000600400000|100%|HS|  |TAMS 0x0000000600400000, 0x0000000600000000| Complete 
|   1|0x0000000600400000, 0x0000000600800000, 0x0000000600800000|100%| O|  |TAMS 0x0000000600800000, 0x0000000600400000| Untracked 
|   2|0x0000000600800000, 0x0000000600c00000, 0x0000000600c00000|100%| O|  |TAMS 0x0000000600c00000, 0x0000000600800000| Untracked 
|   3|0x0000000600c00000, 0x0000000601000000, 0x0000000601000000|100%| O|  |TAMS 0x0000000601000000, 0x0000000600c00000| Untracked 
|   4|0x0000000601000000, 0x0000000601400000, 0x0000000601400000|100%| O|  |TAMS 0x0000000601400000, 0x0000000601000000| Untracked 
|   5|0x0000000601400000, 0x0000000601800000, 0x0000000601800000|100%| O|  |TAMS 0x0000000601800000, 0x0000000601400000| Untracked 
|   6|0x0000000601800000, 0x0000000601c00000, 0x0000000601c00000|100%| O|  |TAMS 0x0000000601c00000, 0x0000000601800000| Untracked 
|   7|0x0000000601c00000, 0x0000000602000000, 0x0000000602000000|100%|HS|  |TAMS 0x0000000602000000, 0x0000000601c00000| Complete 
|   8|0x0000000602000000, 0x0000000602400000, 0x0000000602400000|100%| O|  |TAMS 0x0000000602400000, 0x0000000602000000| Untracked 
|   9|0x0000000602400000, 0x0000000602800000, 0x0000000602800000|100%| O|  |TAMS 0x0000000602800000, 0x0000000602400000| Untracked 
|  10|0x0000000602800000, 0x0000000602c00000, 0x0000000602c00000|100%| O|  |TAMS 0x0000000602c00000, 0x0000000602800000| Untracked 
|  11|0x0000000602c00000, 0x0000000603000000, 0x0000000603000000|100%| O|  |TAMS 0x0000000603000000, 0x0000000602c00000| Untracked 
|  12|0x0000000603000000, 0x0000000603400000, 0x0000000603400000|100%| O|  |TAMS 0x0000000603400000, 0x0000000603000000| Untracked 
|  13|0x0000000603400000, 0x0000000603800000, 0x0000000603800000|100%| O|  |TAMS 0x0000000603800000, 0x0000000603400000| Untracked 
|  14|0x0000000603800000, 0x0000000603c00000, 0x0000000603c00000|100%| O|  |TAMS 0x0000000603c00000, 0x0000000603800000| Untracked 
|  15|0x0000000603c00000, 0x0000000604000000, 0x0000000604000000|100%|HS|  |TAMS 0x0000000604000000, 0x0000000603c00000| Complete 
|  16|0x0000000604000000, 0x0000000604400000, 0x0000000604400000|100%| O|  |TAMS 0x0000000604400000, 0x0000000604000000| Untracked 
|  17|0x0000000604400000, 0x0000000604800000, 0x0000000604800000|100%| O|  |TAMS 0x0000000604800000, 0x0000000604400000| Untracked 
|  18|0x0000000604800000, 0x0000000604c00000, 0x0000000604c00000|100%| O|  |TAMS 0x0000000604c00000, 0x0000000604800000| Untracked 
|  19|0x0000000604c00000, 0x0000000605000000, 0x0000000605000000|100%| O|  |TAMS 0x0000000605000000, 0x0000000604c00000| Untracked 
|  20|0x0000000605000000, 0x0000000605400000, 0x0000000605400000|100%| O|  |TAMS 0x0000000605400000, 0x0000000605000000| Untracked 
|  21|0x0000000605400000, 0x0000000605800000, 0x0000000605800000|100%|HS|  |TAMS 0x0000000605800000, 0x0000000605400000| Complete 
|  22|0x0000000605800000, 0x0000000605c00000, 0x0000000605c00000|100%| O|  |TAMS 0x0000000605c00000, 0x0000000605800000| Untracked 
|  23|0x0000000605c00000, 0x0000000606000000, 0x0000000606000000|100%| O|  |TAMS 0x0000000605c00000, 0x0000000605c00000| Untracked 
|  24|0x0000000606000000, 0x0000000606400000, 0x0000000606400000|100%| O|  |TAMS 0x0000000606400000, 0x0000000606000000| Untracked 
|  25|0x0000000606400000, 0x0000000606800000, 0x0000000606800000|100%| O|  |TAMS 0x0000000606800000, 0x0000000606400000| Untracked 
|  26|0x0000000606800000, 0x0000000606c00000, 0x0000000606c00000|100%| O|  |TAMS 0x0000000606c00000, 0x0000000606800000| Untracked 
|  27|0x0000000606c00000, 0x0000000607000000, 0x0000000607000000|100%| O|  |TAMS 0x0000000607000000, 0x0000000606c00000| Untracked 
|  28|0x0000000607000000, 0x0000000607400000, 0x0000000607400000|100%| O|  |TAMS 0x0000000607400000, 0x0000000607000000| Untracked 
|  29|0x0000000607400000, 0x0000000607800000, 0x0000000607800000|100%|HS|  |TAMS 0x0000000607800000, 0x0000000607400000| Complete 
|  30|0x0000000607800000, 0x0000000607c00000, 0x0000000607c00000|100%| O|  |TAMS 0x0000000607c00000, 0x0000000607800000| Untracked 
|  31|0x0000000607c00000, 0x0000000608000000, 0x0000000608000000|100%| O|  |TAMS 0x0000000608000000, 0x0000000607c00000| Untracked 
|  32|0x0000000608000000, 0x0000000608400000, 0x0000000608400000|100%| O|  |TAMS 0x0000000608400000, 0x0000000608000000| Untracked 
|  33|0x0000000608400000, 0x0000000608800000, 0x0000000608800000|100%|HS|  |TAMS 0x0000000608800000, 0x0000000608400000| Complete 
|  34|0x0000000608800000, 0x0000000608c00000, 0x0000000608c00000|100%| O|  |TAMS 0x0000000608c00000, 0x0000000608800000| Untracked 
|  35|0x0000000608c00000, 0x0000000609000000, 0x0000000609000000|100%| O|  |TAMS 0x0000000609000000, 0x0000000608c00000| Untracked 
|  36|0x0000000609000000, 0x0000000609400000, 0x0000000609400000|100%| O|  |TAMS 0x0000000609400000, 0x0000000609000000| Untracked 
|  37|0x0000000609400000, 0x0000000609800000, 0x0000000609800000|100%| O|  |TAMS 0x0000000609400000, 0x0000000609400000| Untracked 
|  38|0x0000000609800000, 0x0000000609c00000, 0x0000000609c00000|100%| O|  |TAMS 0x0000000609c00000, 0x0000000609800000| Untracked 
|  39|0x0000000609c00000, 0x000000060a000000, 0x000000060a000000|100%| O|  |TAMS 0x000000060a000000, 0x0000000609c00000| Untracked 
|  40|0x000000060a000000, 0x000000060a400000, 0x000000060a400000|100%| O|  |TAMS 0x000000060a400000, 0x000000060a000000| Untracked 
|  41|0x000000060a400000, 0x000000060a800000, 0x000000060a800000|100%| O|  |TAMS 0x000000060a800000, 0x000000060a400000| Untracked 
|  42|0x000000060a800000, 0x000000060ac00000, 0x000000060ac00000|100%| O|  |TAMS 0x000000060ac00000, 0x000000060a800000| Untracked 
|  43|0x000000060ac00000, 0x000000060b000000, 0x000000060b000000|100%| O|  |TAMS 0x000000060b000000, 0x000000060ac00000| Untracked 
|  44|0x000000060b000000, 0x000000060b400000, 0x000000060b400000|100%| O|  |TAMS 0x000000060b400000, 0x000000060b000000| Untracked 
|  45|0x000000060b400000, 0x000000060b800000, 0x000000060b800000|100%| O|  |TAMS 0x000000060b800000, 0x000000060b400000| Untracked 
|  46|0x000000060b800000, 0x000000060bc00000, 0x000000060bc00000|100%| O|  |TAMS 0x000000060bc00000, 0x000000060b800000| Untracked 
|  47|0x000000060bc00000, 0x000000060c000000, 0x000000060c000000|100%| O|  |TAMS 0x000000060c000000, 0x000000060bc00000| Untracked 
|  48|0x000000060c000000, 0x000000060c400000, 0x000000060c400000|100%| O|  |TAMS 0x000000060c400000, 0x000000060c000000| Untracked 
|  49|0x000000060c400000, 0x000000060c800000, 0x000000060c800000|100%| O|  |TAMS 0x000000060c800000, 0x000000060c400000| Untracked 
|  50|0x000000060c800000, 0x000000060cc00000, 0x000000060cc00000|100%| O|  |TAMS 0x000000060cc00000, 0x000000060c800000| Untracked 
|  51|0x000000060cc00000, 0x000000060d000000, 0x000000060d000000|100%| O|  |TAMS 0x000000060d000000, 0x000000060cc00000| Untracked 
|  52|0x000000060d000000, 0x000000060d400000, 0x000000060d400000|100%| O|  |TAMS 0x000000060d400000, 0x000000060d000000| Untracked 
|  53|0x000000060d400000, 0x000000060d800000, 0x000000060d800000|100%| O|  |TAMS 0x000000060d800000, 0x000000060d400000| Untracked 
|  54|0x000000060d800000, 0x000000060dc00000, 0x000000060dc00000|100%| O|  |TAMS 0x000000060dc00000, 0x000000060d800000| Untracked 
|  55|0x000000060dc00000, 0x000000060e000000, 0x000000060e000000|100%| O|  |TAMS 0x000000060e000000, 0x000000060dc00000| Untracked 
|  56|0x000000060e000000, 0x000000060e400000, 0x000000060e400000|100%| O|  |TAMS 0x000000060e400000, 0x000000060e000000| Untracked 
|  57|0x000000060e400000, 0x000000060e800000, 0x000000060e800000|100%|HS|  |TAMS 0x000000060e800000, 0x000000060e400000| Complete 
|  58|0x000000060e800000, 0x000000060ec00000, 0x000000060ec00000|100%| O|  |TAMS 0x000000060ec00000, 0x000000060e800000| Untracked 
|  59|0x000000060ec00000, 0x000000060f000000, 0x000000060f000000|100%| O|  |TAMS 0x000000060f000000, 0x000000060ec00000| Untracked 
|  60|0x000000060f000000, 0x000000060f400000, 0x000000060f400000|100%| O|  |TAMS 0x000000060f400000, 0x000000060f000000| Untracked 
|  61|0x000000060f400000, 0x000000060f800000, 0x000000060f800000|100%| O|  |TAMS 0x000000060f800000, 0x000000060f400000| Untracked 
|  62|0x000000060f800000, 0x000000060fc00000, 0x000000060fc00000|100%| O|  |TAMS 0x000000060fc00000, 0x000000060f800000| Untracked 
|  63|0x000000060fc00000, 0x0000000610000000, 0x0000000610000000|100%| O|  |TAMS 0x0000000610000000, 0x000000060fc00000| Untracked 
|  64|0x0000000610000000, 0x0000000610400000, 0x0000000610400000|100%| O|  |TAMS 0x0000000610090800, 0x0000000610000000| Untracked 
|  65|0x0000000610400000, 0x0000000610800000, 0x0000000610800000|100%| O|  |TAMS 0x0000000610400000, 0x0000000610400000| Untracked 
|  66|0x0000000610800000, 0x0000000610c00000, 0x0000000610c00000|100%| O|  |TAMS 0x0000000610800000, 0x0000000610800000| Untracked 
|  67|0x0000000610c00000, 0x0000000611000000, 0x0000000611000000|100%| O|  |TAMS 0x0000000610c00000, 0x0000000610c00000| Untracked 
|  68|0x0000000611000000, 0x0000000611400000, 0x0000000611400000|100%| O|  |TAMS 0x0000000611000000, 0x0000000611000000| Untracked 
|  69|0x0000000611400000, 0x0000000611800000, 0x0000000611800000|100%| O|  |TAMS 0x0000000611400000, 0x0000000611400000| Untracked 
|  70|0x0000000611800000, 0x0000000611c00000, 0x0000000611c00000|100%| O|  |TAMS 0x0000000611800000, 0x0000000611800000| Untracked 
|  71|0x0000000611c00000, 0x0000000612000000, 0x0000000612000000|100%| O|  |TAMS 0x0000000611c00000, 0x0000000611c00000| Untracked 
|  72|0x0000000612000000, 0x0000000612400000, 0x0000000612400000|100%| O|  |TAMS 0x0000000612000000, 0x0000000612000000| Untracked 
|  73|0x0000000612400000, 0x0000000612800000, 0x0000000612800000|100%| O|  |TAMS 0x0000000612400000, 0x0000000612400000| Untracked 
|  74|0x0000000612800000, 0x0000000612c00000, 0x0000000612c00000|100%| O|  |TAMS 0x0000000612800000, 0x0000000612800000| Untracked 
|  75|0x0000000612c00000, 0x0000000613000000, 0x0000000613000000|100%| O|  |TAMS 0x0000000612c00000, 0x0000000612c00000| Untracked 
|  76|0x0000000613000000, 0x0000000613400000, 0x0000000613400000|100%| O|  |TAMS 0x0000000613000000, 0x0000000613000000| Untracked 
|  77|0x0000000613400000, 0x0000000613800000, 0x0000000613800000|100%| O|  |TAMS 0x0000000613400000, 0x0000000613400000| Untracked 
|  78|0x0000000613800000, 0x0000000613c00000, 0x0000000613c00000|100%| O|  |TAMS 0x0000000613800000, 0x0000000613800000| Untracked 
|  79|0x0000000613c00000, 0x0000000614000000, 0x0000000614000000|100%| O|  |TAMS 0x0000000613c00000, 0x0000000613c00000| Untracked 
|  80|0x0000000614000000, 0x0000000614293800, 0x0000000614400000| 64%| O|  |TAMS 0x0000000614000000, 0x0000000614000000| Untracked 
|  81|0x0000000614400000, 0x0000000614400000, 0x0000000614800000|  0%| F|  |TAMS 0x0000000614400000, 0x0000000614400000| Untracked 
|  82|0x0000000614800000, 0x0000000614800000, 0x0000000614c00000|  0%| F|  |TAMS 0x0000000614800000, 0x0000000614800000| Untracked 
|  83|0x0000000614c00000, 0x0000000614c00000, 0x0000000615000000|  0%| F|  |TAMS 0x0000000614c00000, 0x0000000614c00000| Untracked 
|  84|0x0000000615000000, 0x0000000615000000, 0x0000000615400000|  0%| F|  |TAMS 0x0000000615000000, 0x0000000615000000| Untracked 
|  85|0x0000000615400000, 0x0000000615400000, 0x0000000615800000|  0%| F|  |TAMS 0x0000000615400000, 0x0000000615400000| Untracked 
|  86|0x0000000615800000, 0x0000000615800000, 0x0000000615c00000|  0%| F|  |TAMS 0x0000000615800000, 0x0000000615800000| Untracked 
|  87|0x0000000615c00000, 0x0000000615c00000, 0x0000000616000000|  0%| F|  |TAMS 0x0000000615c00000, 0x0000000615c00000| Untracked 
|  88|0x0000000616000000, 0x0000000616000000, 0x0000000616400000|  0%| F|  |TAMS 0x0000000616000000, 0x0000000616000000| Untracked 
|  89|0x0000000616400000, 0x0000000616400000, 0x0000000616800000|  0%| F|  |TAMS 0x0000000616400000, 0x0000000616400000| Untracked 
|  90|0x0000000616800000, 0x0000000616800000, 0x0000000616c00000|  0%| F|  |TAMS 0x0000000616800000, 0x0000000616800000| Untracked 
|  91|0x0000000616c00000, 0x0000000616c00000, 0x0000000617000000|  0%| F|  |TAMS 0x0000000616c00000, 0x0000000616c00000| Untracked 
|  92|0x0000000617000000, 0x0000000617000000, 0x0000000617400000|  0%| F|  |TAMS 0x0000000617000000, 0x0000000617000000| Untracked 
|  93|0x0000000617400000, 0x0000000617400000, 0x0000000617800000|  0%| F|  |TAMS 0x0000000617400000, 0x0000000617400000| Untracked 
|  94|0x0000000617800000, 0x0000000617800000, 0x0000000617c00000|  0%| F|  |TAMS 0x0000000617800000, 0x0000000617800000| Untracked 
|  95|0x0000000617c00000, 0x0000000617c00000, 0x0000000618000000|  0%| F|  |TAMS 0x0000000617c00000, 0x0000000617c00000| Untracked 
|  96|0x0000000618000000, 0x0000000618000000, 0x0000000618400000|  0%| F|  |TAMS 0x0000000618000000, 0x0000000618000000| Untracked 
|  97|0x0000000618400000, 0x0000000618400000, 0x0000000618800000|  0%| F|  |TAMS 0x0000000618400000, 0x0000000618400000| Untracked 
|  98|0x0000000618800000, 0x0000000618800000, 0x0000000618c00000|  0%| F|  |TAMS 0x0000000618800000, 0x0000000618800000| Untracked 
|  99|0x0000000618c00000, 0x0000000618c00000, 0x0000000619000000|  0%| F|  |TAMS 0x0000000618c00000, 0x0000000618c00000| Untracked 
| 100|0x0000000619000000, 0x0000000619000000, 0x0000000619400000|  0%| F|  |TAMS 0x0000000619000000, 0x0000000619000000| Untracked 
| 101|0x0000000619400000, 0x0000000619400000, 0x0000000619800000|  0%| F|  |TAMS 0x0000000619400000, 0x0000000619400000| Untracked 
| 102|0x0000000619800000, 0x0000000619b7fe30, 0x0000000619c00000| 87%| S|CS|TAMS 0x0000000619800000, 0x0000000619800000| Complete 
| 103|0x0000000619c00000, 0x0000000619c00000, 0x000000061a000000|  0%| F|  |TAMS 0x0000000619c00000, 0x0000000619c00000| Untracked 
| 104|0x000000061a000000, 0x000000061a000000, 0x000000061a400000|  0%| F|  |TAMS 0x000000061a000000, 0x000000061a000000| Untracked 
| 105|0x000000061a400000, 0x000000061a800000, 0x000000061a800000|100%| S|CS|TAMS 0x000000061a400000, 0x000000061a400000| Complete 
| 106|0x000000061a800000, 0x000000061ac00000, 0x000000061ac00000|100%| S|CS|TAMS 0x000000061a800000, 0x000000061a800000| Complete 
| 107|0x000000061ac00000, 0x000000061b000000, 0x000000061b000000|100%| S|CS|TAMS 0x000000061ac00000, 0x000000061ac00000| Complete 
| 108|0x000000061b000000, 0x000000061b400000, 0x000000061b400000|100%| S|CS|TAMS 0x000000061b000000, 0x000000061b000000| Complete 
| 109|0x000000061b400000, 0x000000061b800000, 0x000000061b800000|100%| S|CS|TAMS 0x000000061b400000, 0x000000061b400000| Complete 
| 110|0x000000061b800000, 0x000000061b800000, 0x000000061bc00000|  0%| F|  |TAMS 0x000000061b800000, 0x000000061b800000| Untracked 
| 111|0x000000061bc00000, 0x000000061bc00000, 0x000000061c000000|  0%| F|  |TAMS 0x000000061bc00000, 0x000000061bc00000| Untracked 
| 112|0x000000061c000000, 0x000000061c000000, 0x000000061c400000|  0%| F|  |TAMS 0x000000061c000000, 0x000000061c000000| Untracked 
| 113|0x000000061c400000, 0x000000061c400000, 0x000000061c800000|  0%| F|  |TAMS 0x000000061c400000, 0x000000061c400000| Untracked 
| 114|0x000000061c800000, 0x000000061c800000, 0x000000061cc00000|  0%| F|  |TAMS 0x000000061c800000, 0x000000061c800000| Untracked 
| 115|0x000000061cc00000, 0x000000061cc00000, 0x000000061d000000|  0%| F|  |TAMS 0x000000061cc00000, 0x000000061cc00000| Untracked 
| 116|0x000000061d000000, 0x000000061d000000, 0x000000061d400000|  0%| F|  |TAMS 0x000000061d000000, 0x000000061d000000| Untracked 
| 117|0x000000061d400000, 0x000000061d400000, 0x000000061d800000|  0%| F|  |TAMS 0x000000061d400000, 0x000000061d400000| Untracked 
| 118|0x000000061d800000, 0x000000061d800000, 0x000000061dc00000|  0%| F|  |TAMS 0x000000061d800000, 0x000000061d800000| Untracked 
| 119|0x000000061dc00000, 0x000000061dc00000, 0x000000061e000000|  0%| F|  |TAMS 0x000000061dc00000, 0x000000061dc00000| Untracked 
| 120|0x000000061e000000, 0x000000061e000000, 0x000000061e400000|  0%| F|  |TAMS 0x000000061e000000, 0x000000061e000000| Untracked 
| 121|0x000000061e400000, 0x000000061e400000, 0x000000061e800000|  0%| F|  |TAMS 0x000000061e400000, 0x000000061e400000| Untracked 
| 122|0x000000061e800000, 0x000000061e800000, 0x000000061ec00000|  0%| F|  |TAMS 0x000000061e800000, 0x000000061e800000| Untracked 
| 123|0x000000061ec00000, 0x000000061ec00000, 0x000000061f000000|  0%| F|  |TAMS 0x000000061ec00000, 0x000000061ec00000| Untracked 
| 124|0x000000061f000000, 0x000000061f000000, 0x000000061f400000|  0%| F|  |TAMS 0x000000061f000000, 0x000000061f000000| Untracked 
| 125|0x000000061f400000, 0x000000061f400000, 0x000000061f800000|  0%| F|  |TAMS 0x000000061f400000, 0x000000061f400000| Untracked 
| 126|0x000000061f800000, 0x000000061f800000, 0x000000061fc00000|  0%| F|  |TAMS 0x000000061f800000, 0x000000061f800000| Untracked 
| 127|0x000000061fc00000, 0x000000061fc00000, 0x0000000620000000|  0%| F|  |TAMS 0x000000061fc00000, 0x000000061fc00000| Untracked 
| 128|0x0000000620000000, 0x0000000620000000, 0x0000000620400000|  0%| F|  |TAMS 0x0000000620000000, 0x0000000620000000| Untracked 
| 129|0x0000000620400000, 0x0000000620400000, 0x0000000620800000|  0%| F|  |TAMS 0x0000000620400000, 0x0000000620400000| Untracked 
| 130|0x0000000620800000, 0x0000000620800000, 0x0000000620c00000|  0%| F|  |TAMS 0x0000000620800000, 0x0000000620800000| Untracked 
| 131|0x0000000620c00000, 0x0000000620c00000, 0x0000000621000000|  0%| F|  |TAMS 0x0000000620c00000, 0x0000000620c00000| Untracked 
| 132|0x0000000621000000, 0x0000000621000000, 0x0000000621400000|  0%| F|  |TAMS 0x0000000621000000, 0x0000000621000000| Untracked 
| 133|0x0000000621400000, 0x0000000621400000, 0x0000000621800000|  0%| F|  |TAMS 0x0000000621400000, 0x0000000621400000| Untracked 
| 134|0x0000000621800000, 0x0000000621800000, 0x0000000621c00000|  0%| F|  |TAMS 0x0000000621800000, 0x0000000621800000| Untracked 
| 135|0x0000000621c00000, 0x0000000621c00000, 0x0000000622000000|  0%| F|  |TAMS 0x0000000621c00000, 0x0000000621c00000| Untracked 
| 136|0x0000000622000000, 0x0000000622000000, 0x0000000622400000|  0%| F|  |TAMS 0x0000000622000000, 0x0000000622000000| Untracked 
| 137|0x0000000622400000, 0x0000000622400000, 0x0000000622800000|  0%| F|  |TAMS 0x0000000622400000, 0x0000000622400000| Untracked 
| 138|0x0000000622800000, 0x0000000622800000, 0x0000000622c00000|  0%| F|  |TAMS 0x0000000622800000, 0x0000000622800000| Untracked 
| 139|0x0000000622c00000, 0x0000000622c00000, 0x0000000623000000|  0%| F|  |TAMS 0x0000000622c00000, 0x0000000622c00000| Untracked 
| 140|0x0000000623000000, 0x0000000623000000, 0x0000000623400000|  0%| F|  |TAMS 0x0000000623000000, 0x0000000623000000| Untracked 
| 141|0x0000000623400000, 0x0000000623400000, 0x0000000623800000|  0%| F|  |TAMS 0x0000000623400000, 0x0000000623400000| Untracked 
| 142|0x0000000623800000, 0x0000000623800000, 0x0000000623c00000|  0%| F|  |TAMS 0x0000000623800000, 0x0000000623800000| Untracked 
| 143|0x0000000623c00000, 0x0000000623c00000, 0x0000000624000000|  0%| F|  |TAMS 0x0000000623c00000, 0x0000000623c00000| Untracked 
| 144|0x0000000624000000, 0x0000000624000000, 0x0000000624400000|  0%| F|  |TAMS 0x0000000624000000, 0x0000000624000000| Untracked 
| 145|0x0000000624400000, 0x0000000624400000, 0x0000000624800000|  0%| F|  |TAMS 0x0000000624400000, 0x0000000624400000| Untracked 
| 146|0x0000000624800000, 0x0000000624800000, 0x0000000624c00000|  0%| F|  |TAMS 0x0000000624800000, 0x0000000624800000| Untracked 
| 147|0x0000000624c00000, 0x0000000624c00000, 0x0000000625000000|  0%| F|  |TAMS 0x0000000624c00000, 0x0000000624c00000| Untracked 
| 148|0x0000000625000000, 0x0000000625000000, 0x0000000625400000|  0%| F|  |TAMS 0x0000000625000000, 0x0000000625000000| Untracked 
| 149|0x0000000625400000, 0x0000000625400000, 0x0000000625800000|  0%| F|  |TAMS 0x0000000625400000, 0x0000000625400000| Untracked 
| 150|0x0000000625800000, 0x0000000625800000, 0x0000000625c00000|  0%| F|  |TAMS 0x0000000625800000, 0x0000000625800000| Untracked 
| 151|0x0000000625c00000, 0x0000000625c00000, 0x0000000626000000|  0%| F|  |TAMS 0x0000000625c00000, 0x0000000625c00000| Untracked 

Card table byte_map: [0x000001d434770000,0x000001d435770000] _byte_map_base: 0x000001d431770000

Marking Bits (Prev, Next): (CMBitMap*) 0x000001d4467b0930, (CMBitMap*) 0x000001d4467b0970
 Prev Bits: [0x000001d436770000, 0x000001d43e770000)
 Next Bits: [0x000001d43e770000, 0x000001d446770000)

Polling page: 0x000001d40aa20000

Metaspace:

Usage:
  Non-class:    112.77 MB used.
      Class:     17.22 MB used.
       Both:    129.98 MB used.

Virtual space:
  Non-class space:      128.00 MB reserved,     114.25 MB ( 89%) committed,  2 nodes.
      Class space:        1.00 GB reserved,      18.62 MB (  2%) committed,  1 nodes.
             Both:        1.12 GB reserved,     132.88 MB ( 12%) committed. 

Chunk freelists:
   Non-Class:  1.41 MB
       Class:  1.32 MB
        Both:  2.73 MB

MaxMetaspaceSize: 4.00 GB
CompressedClassSpaceSize: 1.00 GB
Initial GC threshold: 21.00 MB
Current GC threshold: 199.94 MB
CDS: on
MetaspaceReclaimPolicy: balanced
 - commit_granule_bytes: 65536.
 - commit_granule_words: 8192.
 - virtual_space_node_default_size: 8388608.
 - enlarge_chunks_in_place: 1.
 - new_chunks_are_fully_committed: 0.
 - uncommit_free_chunks: 1.
 - use_allocation_guard: 0.


Internal statistics:

num_allocs_failed_limit: 21.
num_arena_births: 4886.
num_arena_deaths: 0.
num_vsnodes_births: 3.
num_vsnodes_deaths: 0.
num_space_committed: 2124.
num_space_uncommitted: 0.
num_chunks_returned_to_freelist: 21.
num_chunks_taken_from_freelist: 11357.
num_chunk_merges: 21.
num_chunk_splits: 7316.
num_chunks_enlarged: 4554.
num_inconsistent_stats: 0.

CodeHeap 'non-profiled nmethods': size=259264Kb used=14309Kb max_used=15169Kb free=244954Kb
 bounds [0x000001d4234f0000, 0x000001d4243d0000, 0x000001d433220000]
CodeHeap 'profiled nmethods': size=259264Kb used=30790Kb max_used=32195Kb free=228473Kb
 bounds [0x000001d413220000, 0x000001d4151a0000, 0x000001d422f50000]
CodeHeap 'non-nmethods': size=5760Kb used=2602Kb max_used=2673Kb free=3157Kb
 bounds [0x000001d422f50000, 0x000001d423200000, 0x000001d4234f0000]
 total_blobs=17918 nmethods=16853 adapters=974
 compilation: enabled
              stopped_count=0, restarted_count=0
 full_count=0

Compilation events (20 events):
Event: 219.747 Thread 0x000001d455487f30 nmethod 21281 0x000001d423b92510 code [0x000001d423b929c0, 0x000001d423b954d0]
Event: 219.747 Thread 0x000001d449248d60 nmethod 21350 0x000001d423698610 code [0x000001d4236987c0, 0x000001d423698b68]
Event: 219.751 Thread 0x000001d455487f30 21353       4       org.gradle.api.internal.provider.DefaultListProperty::<init> (18 bytes)
Event: 219.752 Thread 0x000001d455487f30 nmethod 21353 0x000001d423dbc090 code [0x000001d423dbc220, 0x000001d423dbc2c8]
Event: 219.755 Thread 0x000001d44924f0f0 21354       3       java.lang.reflect.Proxy::getInvocationHandler (69 bytes)
Event: 219.756 Thread 0x000001d449248d60 21355       4       com.android.build.gradle.internal.dependency.AndroidXDependencySubstitution$replaceOldSupportLibraries$1::execute (9 bytes)
Event: 219.756 Thread 0x000001d44924f0f0 nmethod 21354 0x000001d413801210 code [0x000001d413801500, 0x000001d4138027f8]
Event: 219.759 Thread 0x000001d455487f30 21356       4       com.android.build.gradle.internal.DependencyConfigurator$configureGeneralTransforms$13::execute (9 bytes)
Event: 219.760 Thread 0x000001d44924f0f0 21357       3       com.android.build.api.component.impl.DeviceTestImpl_Decorated::getAdvancedProfilingTransforms (40 bytes)
Event: 219.760 Thread 0x000001d44924f0f0 nmethod 21357 0x000001d4137f1890 code [0x000001d4137f1a60, 0x000001d4137f1df8]
Event: 219.760 Thread 0x000001d44924f0f0 21358       3       com.android.build.gradle.internal.dependency.BaseDexingTransform$Parameters_Decorated::$gradleFactory (13 bytes)
Event: 219.761 Thread 0x000001d44924f0f0 nmethod 21358 0x000001d413407010 code [0x000001d4134071c0, 0x000001d413407368]
Event: 219.764 Thread 0x000001d455487f30 nmethod 21356 0x000001d423fbdf90 code [0x000001d423fbe120, 0x000001d423fbe2b8]
Event: 219.764 Thread 0x000001d455487f30 21359       4       org.gradle.api.internal.artifacts.configurations.DefaultConfiguration$AllArtifactsProvider::<init> (10 bytes)
Event: 219.765 Thread 0x000001d44924f0f0 21361       1       org.jetbrains.kotlin.gradle.dsl.KotlinCommonCompilerOptionsDefault::getApiVersion (5 bytes)
Event: 219.765 Thread 0x000001d44924f0f0 nmethod 21361 0x000001d423dbbd90 code [0x000001d423dbbf20, 0x000001d423dbbff8]
Event: 219.766 Thread 0x000001d455487f30 nmethod 21359 0x000001d423730890 code [0x000001d423730a00, 0x000001d423730b38]
Event: 219.766 Thread 0x000001d455487f30 21360       4       java.util.regex.CharPredicates$$Lambda$16/0x800000024::is (5 bytes)
Event: 219.766 Thread 0x000001d455487f30 nmethod 21360 0x000001d423730510 code [0x000001d4237306a0, 0x000001d423730758]
Event: 219.767 Thread 0x000001d449248d60 nmethod 21355 0x000001d423d04690 code [0x000001d423d048a0, 0x000001d423d05048]

GC Heap History (20 events):
Event: 116.800 GC heap after
{Heap after GC invocations=69 (full 0):
 garbage-first heap   total 516096K, used 234983K [0x0000000600000000, 0x0000000800000000)
  region size 4096K, 4 young (16384K), 4 survivors (16384K)
 Metaspace       used 113904K, committed 116672K, reserved 1179648K
  class space    used 15436K, committed 16832K, reserved 1048576K
}
Event: 118.019 GC heap before
{Heap before GC invocations=69 (full 0):
 garbage-first heap   total 516096K, used 415207K [0x0000000600000000, 0x0000000800000000)
  region size 4096K, 49 young (200704K), 4 survivors (16384K)
 Metaspace       used 114243K, committed 117120K, reserved 1179648K
  class space    used 15471K, committed 16896K, reserved 1048576K
}
Event: 118.036 GC heap after
{Heap after GC invocations=70 (full 0):
 garbage-first heap   total 516096K, used 242922K [0x0000000600000000, 0x0000000800000000)
  region size 4096K, 5 young (20480K), 5 survivors (20480K)
 Metaspace       used 114243K, committed 117120K, reserved 1179648K
  class space    used 15471K, committed 16896K, reserved 1048576K
}
Event: 119.002 GC heap before
{Heap before GC invocations=70 (full 0):
 garbage-first heap   total 516096K, used 419050K [0x0000000600000000, 0x0000000800000000)
  region size 4096K, 49 young (200704K), 5 survivors (20480K)
 Metaspace       used 114358K, committed 117248K, reserved 1179648K
  class space    used 15484K, committed 16896K, reserved 1048576K
}
Event: 119.023 GC heap after
{Heap after GC invocations=71 (full 0):
 garbage-first heap   total 516096K, used 249695K [0x0000000600000000, 0x0000000800000000)
  region size 4096K, 5 young (20480K), 5 survivors (20480K)
 Metaspace       used 114358K, committed 117248K, reserved 1179648K
  class space    used 15484K, committed 16896K, reserved 1048576K
}
Event: 120.206 GC heap before
{Heap before GC invocations=71 (full 0):
 garbage-first heap   total 516096K, used 425823K [0x0000000600000000, 0x0000000800000000)
  region size 4096K, 48 young (196608K), 5 survivors (20480K)
 Metaspace       used 114512K, committed 117440K, reserved 1179648K
  class space    used 15501K, committed 16960K, reserved 1048576K
}
Event: 120.225 GC heap after
{Heap after GC invocations=72 (full 0):
 garbage-first heap   total 516096K, used 266209K [0x0000000600000000, 0x0000000800000000)
  region size 4096K, 6 young (24576K), 6 survivors (24576K)
 Metaspace       used 114512K, committed 117440K, reserved 1179648K
  class space    used 15501K, committed 16960K, reserved 1048576K
}
Event: 121.111 GC heap before
{Heap before GC invocations=72 (full 0):
 garbage-first heap   total 516096K, used 421857K [0x0000000600000000, 0x0000000800000000)
  region size 4096K, 45 young (184320K), 6 survivors (24576K)
 Metaspace       used 116583K, committed 119488K, reserved 1179648K
  class space    used 15617K, committed 17024K, reserved 1048576K
}
Event: 121.134 GC heap after
{Heap after GC invocations=73 (full 0):
 garbage-first heap   total 622592K, used 275010K [0x0000000600000000, 0x0000000800000000)
  region size 4096K, 3 young (12288K), 3 survivors (12288K)
 Metaspace       used 116583K, committed 119488K, reserved 1179648K
  class space    used 15617K, committed 17024K, reserved 1048576K
}
Event: 122.409 GC heap before
{Heap before GC invocations=73 (full 0):
 garbage-first heap   total 622592K, used 344642K [0x0000000600000000, 0x0000000800000000)
  region size 4096K, 21 young (86016K), 3 survivors (12288K)
 Metaspace       used 118704K, committed 121536K, reserved 1179648K
  class space    used 15924K, committed 17344K, reserved 1048576K
}
Event: 122.432 GC heap after
{Heap after GC invocations=74 (full 0):
 garbage-first heap   total 622592K, used 283202K [0x0000000600000000, 0x0000000800000000)
  region size 4096K, 5 young (20480K), 5 survivors (20480K)
 Metaspace       used 118704K, committed 121536K, reserved 1179648K
  class space    used 15924K, committed 17344K, reserved 1048576K
}
Event: 125.402 GC heap before
{Heap before GC invocations=75 (full 0):
 garbage-first heap   total 622592K, used 504386K [0x0000000600000000, 0x0000000800000000)
  region size 4096K, 59 young (241664K), 5 survivors (20480K)
 Metaspace       used 126571K, committed 129536K, reserved 1179648K
  class space    used 17024K, committed 18496K, reserved 1048576K
}
Event: 125.453 GC heap after
{Heap after GC invocations=76 (full 0):
 garbage-first heap   total 622592K, used 307614K [0x0000000600000000, 0x0000000800000000)
  region size 4096K, 8 young (32768K), 8 survivors (32768K)
 Metaspace       used 126571K, committed 129536K, reserved 1179648K
  class space    used 17024K, committed 18496K, reserved 1048576K
}
Event: 125.483 GC heap before
{Heap before GC invocations=76 (full 0):
 garbage-first heap   total 622592K, used 311710K [0x0000000600000000, 0x0000000800000000)
  region size 4096K, 9 young (36864K), 8 survivors (32768K)
 Metaspace       used 126686K, committed 129664K, reserved 1179648K
  class space    used 17034K, committed 18496K, reserved 1048576K
}
Event: 125.528 GC heap after
{Heap after GC invocations=77 (full 0):
 garbage-first heap   total 622592K, used 308453K [0x0000000600000000, 0x0000000800000000)
  region size 4096K, 2 young (8192K), 2 survivors (8192K)
 Metaspace       used 126686K, committed 129664K, reserved 1179648K
  class space    used 17034K, committed 18496K, reserved 1048576K
}
Event: 217.287 GC heap before
{Heap before GC invocations=77 (full 0):
 garbage-first heap   total 622592K, used 496869K [0x0000000600000000, 0x0000000800000000)
  region size 4096K, 49 young (200704K), 2 survivors (8192K)
 Metaspace       used 132524K, committed 135488K, reserved 1179648K
  class space    used 17598K, committed 19072K, reserved 1048576K
}
Event: 217.298 GC heap after
{Heap after GC invocations=78 (full 0):
 garbage-first heap   total 622592K, used 314959K [0x0000000600000000, 0x0000000800000000)
  region size 4096K, 3 young (12288K), 3 survivors (12288K)
 Metaspace       used 132524K, committed 135488K, reserved 1179648K
  class space    used 17598K, committed 19072K, reserved 1048576K
}
Event: 218.538 GC heap before
{Heap before GC invocations=78 (full 0):
 garbage-first heap   total 622592K, used 507471K [0x0000000600000000, 0x0000000800000000)
  region size 4096K, 50 young (204800K), 3 survivors (12288K)
 Metaspace       used 132912K, committed 135872K, reserved 1179648K
  class space    used 17625K, committed 19072K, reserved 1048576K
}
Event: 218.559 GC heap after
{Heap after GC invocations=79 (full 0):
 garbage-first heap   total 622592K, used 332465K [0x0000000600000000, 0x0000000800000000)
  region size 4096K, 7 young (28672K), 7 survivors (28672K)
 Metaspace       used 132912K, committed 135872K, reserved 1179648K
  class space    used 17625K, committed 19072K, reserved 1048576K
}
Event: 219.770 GC heap before
{Heap before GC invocations=79 (full 0):
 garbage-first heap   total 622592K, used 504497K [0x0000000600000000, 0x0000000800000000)
  region size 4096K, 49 young (200704K), 7 survivors (28672K)
 Metaspace       used 133102K, committed 136064K, reserved 1179648K
  class space    used 17630K, committed 19072K, reserved 1048576K
}

Dll operation events (15 events):
Event: 0.056 Loaded shared library C:\Program Files\Java\jdk-19\bin\java.dll
Event: 0.178 Loaded shared library C:\Program Files\Java\jdk-19\bin\jsvml.dll
Event: 0.407 Loaded shared library C:\Program Files\Java\jdk-19\bin\zip.dll
Event: 0.415 Loaded shared library C:\Program Files\Java\jdk-19\bin\instrument.dll
Event: 0.436 Loaded shared library C:\Program Files\Java\jdk-19\bin\net.dll
Event: 0.440 Loaded shared library C:\Program Files\Java\jdk-19\bin\nio.dll
Event: 0.444 Loaded shared library C:\Program Files\Java\jdk-19\bin\zip.dll
Event: 0.742 Loaded shared library C:\Program Files\Java\jdk-19\bin\jimage.dll
Event: 0.937 Loaded shared library C:\Program Files\Java\jdk-19\bin\verify.dll
Event: 1.088 Loaded shared library C:\Users\Administrator\.gradle\native\c067742578af261105cb4f569cf0c3c89f3d7b1fecec35dd04571415982c5e48\windows-amd64\native-platform.dll
Event: 1.112 Loaded shared library C:\Users\Administrator\.gradle\native\100fb08df4bc3b14c8652ba06237920a3bd2aa13389f12d3474272988ae205f9\windows-amd64\native-platform-file-events.dll
Event: 2.595 Loaded shared library C:\Program Files\Java\jdk-19\bin\management.dll
Event: 2.599 Loaded shared library C:\Program Files\Java\jdk-19\bin\management_ext.dll
Event: 3.075 Loaded shared library C:\Program Files\Java\jdk-19\bin\extnet.dll
Event: 3.634 Loaded shared library C:\Program Files\Java\jdk-19\bin\sunmscapi.dll

Deoptimization events (20 events):
Event: 218.214 Thread 0x000001d44f2d3eb0 DEOPT PACKING pc=0x000001d4242e46ac sp=0x0000005eb68f6000
Event: 218.214 Thread 0x000001d44f2d3eb0 DEOPT UNPACKING pc=0x000001d422fb6da3 sp=0x0000005eb68f5fa0 mode 2
Event: 218.406 Thread 0x000001d44f979fc0 Uncommon trap: trap_request=0xffffff45 fr.pc=0x000001d424031e14 relative=0x0000000000000e94
Event: 218.406 Thread 0x000001d44f979fc0 Uncommon trap: reason=unstable_if action=reinterpret pc=0x000001d424031e14 method=java.util.concurrent.ConcurrentHashMap.putVal(Ljava/lang/Object;Ljava/lang/Object;Z)Ljava/lang/Object; @ 197 c2
Event: 218.406 Thread 0x000001d44f979fc0 DEOPT PACKING pc=0x000001d424031e14 sp=0x0000005eb8dfe880
Event: 218.406 Thread 0x000001d44f979fc0 DEOPT UNPACKING pc=0x000001d422fb6da3 sp=0x0000005eb8dfe810 mode 2
Event: 218.407 Thread 0x000001d44f976550 Uncommon trap: trap_request=0xffffff45 fr.pc=0x000001d424031e14 relative=0x0000000000000e94
Event: 218.407 Thread 0x000001d44f976550 Uncommon trap: reason=unstable_if action=reinterpret pc=0x000001d424031e14 method=java.util.concurrent.ConcurrentHashMap.putVal(Ljava/lang/Object;Ljava/lang/Object;Z)Ljava/lang/Object; @ 197 c2
Event: 218.407 Thread 0x000001d44f976550 DEOPT PACKING pc=0x000001d424031e14 sp=0x0000005eb8efe690
Event: 218.407 Thread 0x000001d44f976550 DEOPT UNPACKING pc=0x000001d422fb6da3 sp=0x0000005eb8efe620 mode 2
Event: 218.409 Thread 0x000001d44f979520 Uncommon trap: trap_request=0xffffff45 fr.pc=0x000001d424031e14 relative=0x0000000000000e94
Event: 218.409 Thread 0x000001d44f979520 Uncommon trap: reason=unstable_if action=reinterpret pc=0x000001d424031e14 method=java.util.concurrent.ConcurrentHashMap.putVal(Ljava/lang/Object;Ljava/lang/Object;Z)Ljava/lang/Object; @ 197 c2
Event: 218.409 Thread 0x000001d44f979520 DEOPT PACKING pc=0x000001d424031e14 sp=0x0000005eb99fecc0
Event: 218.409 Thread 0x000001d44f979520 DEOPT UNPACKING pc=0x000001d422fb6da3 sp=0x0000005eb99fec50 mode 2
Event: 218.656 Thread 0x000001d44f2d3eb0 Uncommon trap: trap_request=0xffffffdc fr.pc=0x000001d424355ab0 relative=0x0000000000000450
Event: 218.656 Thread 0x000001d44f2d3eb0 Uncommon trap: reason=class_check action=make_not_entrant pc=0x000001d424355ab0 method=com.google.common.collect.Platform.copy([Ljava/lang/Object;II[Ljava/lang/Object;)[Ljava/lang/Object; @ 7 c2
Event: 218.656 Thread 0x000001d44f2d3eb0 DEOPT PACKING pc=0x000001d424355ab0 sp=0x0000005eb68f8b30
Event: 218.656 Thread 0x000001d44f2d3eb0 DEOPT UNPACKING pc=0x000001d422fb6da3 sp=0x0000005eb68f8a60 mode 2
Event: 218.899 Thread 0x000001d44f2d3eb0 DEOPT PACKING pc=0x000001d414e2b2ad sp=0x0000005eb68f8b90
Event: 218.899 Thread 0x000001d44f2d3eb0 DEOPT UNPACKING pc=0x000001d422fb7543 sp=0x0000005eb68f8078 mode 0

Classes loaded (20 events):
Event: 146.777 Loading class com/sun/crypto/provider/GaloisCounterMode$GCMEncrypt
Event: 146.778 Loading class com/sun/crypto/provider/GaloisCounterMode$GCMEngine
Event: 146.778 Loading class com/sun/crypto/provider/GaloisCounterMode$GCMEngine done
Event: 146.778 Loading class com/sun/crypto/provider/GaloisCounterMode$GCMEncrypt done
Event: 146.779 Loading class com/sun/crypto/provider/GCTR
Event: 146.779 Loading class com/sun/crypto/provider/GCM
Event: 146.779 Loading class com/sun/crypto/provider/GCM done
Event: 146.779 Loading class com/sun/crypto/provider/CounterMode
Event: 146.780 Loading class com/sun/crypto/provider/CounterMode done
Event: 146.780 Loading class com/sun/crypto/provider/GCTR done
Event: 146.780 Loading class com/sun/crypto/provider/GHASH
Event: 146.780 Loading class com/sun/crypto/provider/GHASH done
Event: 146.781 Loading class com/sun/crypto/provider/GaloisCounterMode$EncryptOp
Event: 146.781 Loading class com/sun/crypto/provider/GaloisCounterMode$GCMOperation
Event: 146.781 Loading class com/sun/crypto/provider/GaloisCounterMode$GCMOperation done
Event: 146.781 Loading class com/sun/crypto/provider/GaloisCounterMode$EncryptOp done
Event: 182.951 Loading class sun/net/ConnectionResetException
Event: 182.952 Loading class sun/net/ConnectionResetException done
Event: 182.956 Loading class sun/net/util/SocketExceptions
Event: 182.957 Loading class sun/net/util/SocketExceptions done

Classes unloaded (0 events):
No events

Classes redefined (0 events):
No events

Internal exceptions (20 events):
Event: 182.953 Thread 0x000001d44f2d3eb0 Exception <a 'java/io/IOException'{0x000000061de13af8}: Connection reset by peer> (0x000000061de13af8) 
thrown [s\open\src\hotspot\share\prims\jni.cpp, line 536]
Event: 182.956 Thread 0x000001d44f2d3eb0 Exception <a 'java/net/SocketException'{0x000000061de30d58}: Network is unreachable: no further information> (0x000000061de30d58) 
thrown [s\open\src\hotspot\share\prims\jni.cpp, line 536]
Event: 182.958 Thread 0x000001d44f2d3eb0 Exception <a 'java/net/SocketException'{0x000000061de3c528}: Network is unreachable: no further information> (0x000000061de3c528) 
thrown [s\open\src\hotspot\share\prims\jni.cpp, line 536]
Event: 182.959 Thread 0x000001d44f2d3eb0 Exception <a 'java/net/SocketException'{0x000000061de451f0}: Network is unreachable: no further information> (0x000000061de451f0) 
thrown [s\open\src\hotspot\share\prims\jni.cpp, line 536]
Event: 183.977 Thread 0x000001d44f2d3eb0 Exception <a 'java/net/SocketException'{0x000000061df8fa48}: Network is unreachable: no further information> (0x000000061df8fa48) 
thrown [s\open\src\hotspot\share\prims\jni.cpp, line 536]
Event: 183.979 Thread 0x000001d44f2d3eb0 Exception <a 'java/net/SocketException'{0x000000061df9a720}: Network is unreachable: no further information> (0x000000061df9a720) 
thrown [s\open\src\hotspot\share\prims\jni.cpp, line 536]
Event: 183.981 Thread 0x000001d44f2d3eb0 Exception <a 'java/net/SocketException'{0x000000061dfe2588}: Network is unreachable: no further information> (0x000000061dfe2588) 
thrown [s\open\src\hotspot\share\prims\jni.cpp, line 536]
Event: 183.982 Thread 0x000001d44f2d3eb0 Exception <a 'java/net/SocketException'{0x000000061dfed260}: Network is unreachable: no further information> (0x000000061dfed260) 
thrown [s\open\src\hotspot\share\prims\jni.cpp, line 536]
Event: 216.782 Thread 0x000001d44f974ac0 Implicit null exception at 0x000001d424084f48 to 0x000001d424085494
Event: 216.827 Thread 0x000001d44f974ac0 Exception <a 'sun/nio/fs/WindowsException'{0x000000061cc321f8}> (0x000000061cc321f8) 
thrown [s\open\src\hotspot\share\prims\jni.cpp, line 517]
Event: 216.828 Thread 0x000001d44f974ac0 Exception <a 'sun/nio/fs/WindowsException'{0x000000061cc34158}> (0x000000061cc34158) 
thrown [s\open\src\hotspot\share\prims\jni.cpp, line 517]
Event: 216.828 Thread 0x000001d44f974ac0 Exception <a 'sun/nio/fs/WindowsException'{0x000000061cc35ff8}> (0x000000061cc35ff8) 
thrown [s\open\src\hotspot\share\prims\jni.cpp, line 517]
Event: 216.828 Thread 0x000001d44f974ac0 Exception <a 'sun/nio/fs/WindowsException'{0x000000061cc37b80}> (0x000000061cc37b80) 
thrown [s\open\src\hotspot\share\prims\jni.cpp, line 517]
Event: 216.831 Thread 0x000001d44f974ac0 Exception <a 'sun/nio/fs/WindowsException'{0x000000061cc7f6a0}> (0x000000061cc7f6a0) 
thrown [s\open\src\hotspot\share\prims\jni.cpp, line 517]
Event: 217.433 Thread 0x000001d44f2d3eb0 Exception <a 'sun/nio/fs/WindowsException'{0x0000000625359050}> (0x0000000625359050) 
thrown [s\open\src\hotspot\share\prims\jni.cpp, line 517]
Event: 217.450 Thread 0x000001d44f2d3eb0 Exception <a 'java/lang/NoSuchMethodError'{0x0000000624d47a38}: 'org.gradle.internal.buildoption.BuildOption$Value org.gradle.api.internal.StartParameterInternal.getIsolatedProjects()'> (0x0000000624d47a38) 
thrown [s\open\src\hotspot\share\interpreter\linkResolver.cpp, line 774]
Event: 217.904 Thread 0x000001d44f2d3eb0 Exception <a 'sun/nio/fs/WindowsException'{0x00000006201ea548}> (0x00000006201ea548) 
thrown [s\open\src\hotspot\share\prims\jni.cpp, line 517]
Event: 217.995 Thread 0x000001d451fc8800 Implicit null exception at 0x000001d42352e879 to 0x000001d42352e958
Event: 218.948 Thread 0x000001d44f2d3eb0 Exception <a 'java/lang/NoSuchMethodError'{0x000000062256f738}: 'org.gradle.internal.buildoption.BuildOption$Value org.gradle.api.internal.StartParameterInternal.getIsolatedProjects()'> (0x000000062256f738) 
thrown [s\open\src\hotspot\share\interpreter\linkResolver.cpp, line 774]
Event: 219.616 Thread 0x000001d44f2d3eb0 Exception <a 'java/lang/NoSuchMethodError'{0x000000061caace18}: 'org.gradle.internal.buildoption.BuildOption$Value org.gradle.api.internal.StartParameterInternal.getIsolatedProjects()'> (0x000000061caace18) 
thrown [s\open\src\hotspot\share\interpreter\linkResolver.cpp, line 774]

VM Operations (20 events):
Event: 186.955 Executing VM operation: Cleanup done
Event: 216.832 Executing VM operation: ICBufferFull
Event: 216.832 Executing VM operation: ICBufferFull done
Event: 217.287 Executing VM operation: G1CollectForAllocation
Event: 217.298 Executing VM operation: G1CollectForAllocation done
Event: 217.921 Executing VM operation: ICBufferFull
Event: 217.921 Executing VM operation: ICBufferFull done
Event: 218.498 Executing VM operation: ICBufferFull
Event: 218.499 Executing VM operation: ICBufferFull done
Event: 218.538 Executing VM operation: G1CollectForAllocation
Event: 218.560 Executing VM operation: G1CollectForAllocation done
Event: 218.905 Executing VM operation: HandshakeAllThreads
Event: 218.906 Executing VM operation: HandshakeAllThreads done
Event: 219.148 Executing VM operation: HandshakeAllThreads
Event: 219.148 Executing VM operation: HandshakeAllThreads done
Event: 219.181 Executing VM operation: ICBufferFull
Event: 219.181 Executing VM operation: ICBufferFull done
Event: 219.230 Executing VM operation: HandshakeAllThreads
Event: 219.230 Executing VM operation: HandshakeAllThreads done
Event: 219.770 Executing VM operation: G1CollectForAllocation

Events (20 events):
Event: 219.264 Thread 0x000001d449252a80 flushing nmethod 0x000001d414eaa590
Event: 219.264 Thread 0x000001d449252a80 flushing nmethod 0x000001d414ed8b90
Event: 219.264 Thread 0x000001d449252a80 flushing nmethod 0x000001d414ed9a90
Event: 219.264 Thread 0x000001d449252a80 flushing nmethod 0x000001d414eda590
Event: 219.264 Thread 0x000001d449252a80 flushing nmethod 0x000001d414edc310
Event: 219.264 Thread 0x000001d449252a80 flushing nmethod 0x000001d414edcd90
Event: 219.264 Thread 0x000001d449252a80 flushing nmethod 0x000001d414ee6690
Event: 219.264 Thread 0x000001d449252a80 flushing nmethod 0x000001d414eeec10
Event: 219.264 Thread 0x000001d449252a80 flushing nmethod 0x000001d414eef090
Event: 219.264 Thread 0x000001d449252a80 flushing nmethod 0x000001d414ef5610
Event: 219.264 Thread 0x000001d449252a80 flushing nmethod 0x000001d414ef6b90
Event: 219.264 Thread 0x000001d449252a80 flushing nmethod 0x000001d414ef8a10
Event: 219.264 Thread 0x000001d449252a80 flushing nmethod 0x000001d414efbb90
Event: 219.264 Thread 0x000001d449252a80 flushing nmethod 0x000001d414eff810
Event: 219.264 Thread 0x000001d449252a80 flushing nmethod 0x000001d414f62e90
Event: 219.264 Thread 0x000001d449252a80 flushing nmethod 0x000001d414f63210
Event: 219.265 Thread 0x000001d449252a80 flushing nmethod 0x000001d414fd5890
Event: 219.265 Thread 0x000001d449252a80 flushing nmethod 0x000001d415074010
Event: 219.266 Thread 0x000001d449252a80 flushing nmethod 0x000001d4150ac610
Event: 219.266 Thread 0x000001d449252a80 flushing nmethod 0x000001d4150f9f90


Dynamic libraries:
0x00007ff7b02b0000 - 0x00007ff7b02c0000 	C:\Program Files\Java\jdk-19\bin\java.exe
0x00007ff8bf170000 - 0x00007ff8bf368000 	C:\Windows\SYSTEM32\ntdll.dll
0x00007ff8bdd10000 - 0x00007ff8bddd2000 	C:\Windows\System32\KERNEL32.DLL
0x00007ff8bc860000 - 0x00007ff8bcb56000 	C:\Windows\System32\KERNELBASE.dll
0x00007ff8bcd30000 - 0x00007ff8bce30000 	C:\Windows\System32\ucrtbase.dll
0x00007ff89ef90000 - 0x00007ff89efab000 	C:\Program Files\Java\jdk-19\bin\VCRUNTIME140.dll
0x00007ff89ea40000 - 0x00007ff89ea58000 	C:\Program Files\Java\jdk-19\bin\jli.dll
0x00007ff8bdc60000 - 0x00007ff8bdd0f000 	C:\Windows\System32\ADVAPI32.dll
0x00007ff8bdb60000 - 0x00007ff8bdbfe000 	C:\Windows\System32\msvcrt.dll
0x00007ff8bf090000 - 0x00007ff8bf12f000 	C:\Windows\System32\sechost.dll
0x00007ff8bdde0000 - 0x00007ff8bdf03000 	C:\Windows\System32\RPCRT4.dll
0x00007ff8bd050000 - 0x00007ff8bd077000 	C:\Windows\System32\bcrypt.dll
0x00007ff8bd9a0000 - 0x00007ff8bdb3d000 	C:\Windows\System32\USER32.dll
0x00007ff8bcf90000 - 0x00007ff8bcfb2000 	C:\Windows\System32\win32u.dll
0x00007ff8bdf10000 - 0x00007ff8bdf3b000 	C:\Windows\System32\GDI32.dll
0x00007ff8bcc10000 - 0x00007ff8bcd2a000 	C:\Windows\System32\gdi32full.dll
0x00007ff8bd100000 - 0x00007ff8bd19d000 	C:\Windows\System32\msvcp_win.dll
0x00007ff8aaf70000 - 0x00007ff8ab20a000 	C:\Windows\WinSxS\amd64_microsoft.windows.common-controls_6595b64144ccf1df_6.0.19041.5794_none_60bcd33171f2783c\COMCTL32.dll
0x00007ff8bc290000 - 0x00007ff8bc29a000 	C:\Windows\SYSTEM32\VERSION.dll
0x00007ff8bd500000 - 0x00007ff8bd52f000 	C:\Windows\System32\IMM32.DLL
0x000000006e030000 - 0x000000006e03c000 	C:\Program Files (x86)\360\Total Security\safemon\SafeWrapper.dll
0x00007ff89e180000 - 0x00007ff89e22c000 	C:\Program Files (x86)\360\Total Security\safemon\libzdtp64.dll
0x00007ff8be920000 - 0x00007ff8bf08e000 	C:\Windows\System32\SHELL32.dll
0x00007ff8bdc00000 - 0x00007ff8bdc55000 	C:\Windows\System32\SHLWAPI.dll
0x00007ff8b5450000 - 0x00007ff8b545c000 	C:\Program Files\Java\jdk-19\bin\vcruntime140_1.dll
0x00007ff873740000 - 0x00007ff8737ce000 	C:\Program Files\Java\jdk-19\bin\msvcp140.dll
0x00007ff84c170000 - 0x00007ff84ce30000 	C:\Program Files\Java\jdk-19\bin\server\jvm.dll
0x00007ff8b19b0000 - 0x00007ff8b19d7000 	C:\Windows\SYSTEM32\WINMM.dll
0x00007ff8a45b0000 - 0x00007ff8a45b9000 	C:\Windows\SYSTEM32\WSOCK32.dll
0x00007ff8bdf40000 - 0x00007ff8bdfab000 	C:\Windows\System32\WS2_32.dll
0x00007ff8bafd0000 - 0x00007ff8bafe2000 	C:\Windows\SYSTEM32\kernel.appcore.dll
0x00007ff8b3200000 - 0x00007ff8b320a000 	C:\Program Files\Java\jdk-19\bin\jimage.dll
0x00007ff8a7fc0000 - 0x00007ff8a81c1000 	C:\Windows\SYSTEM32\DBGHELP.DLL
0x00007ff8a6690000 - 0x00007ff8a66c4000 	C:\Windows\SYSTEM32\dbgcore.DLL
0x00007ff8bcfc0000 - 0x00007ff8bd042000 	C:\Windows\System32\bcryptPrimitives.dll
0x00007ff8b3010000 - 0x00007ff8b301e000 	C:\Program Files\Java\jdk-19\bin\instrument.dll
0x00007ff89c780000 - 0x00007ff89c7a6000 	C:\Program Files\Java\jdk-19\bin\java.dll
0x00007ff86f590000 - 0x00007ff86f667000 	C:\Program Files\Java\jdk-19\bin\jsvml.dll
0x00007ff8b9da0000 - 0x00007ff8ba543000 	C:\Windows\SYSTEM32\windows.storage.dll
0x00007ff8be2a0000 - 0x00007ff8be5f3000 	C:\Windows\System32\combase.dll
0x00007ff8bc0f0000 - 0x00007ff8bc11b000 	C:\Windows\SYSTEM32\Wldp.dll
0x00007ff8be1d0000 - 0x00007ff8be29d000 	C:\Windows\System32\OLEAUT32.dll
0x00007ff8be790000 - 0x00007ff8be83d000 	C:\Windows\System32\SHCORE.dll
0x00007ff8bc740000 - 0x00007ff8bc765000 	C:\Windows\SYSTEM32\profapi.dll
0x00007ff8a0e80000 - 0x00007ff8a0e98000 	C:\Program Files\Java\jdk-19\bin\zip.dll
0x00007ff89dac0000 - 0x00007ff89dad3000 	C:\Program Files\Java\jdk-19\bin\net.dll
0x00007ff8b3560000 - 0x00007ff8b366a000 	C:\Windows\SYSTEM32\WINHTTP.dll
0x00007ff8bbed0000 - 0x00007ff8bbf3c000 	C:\Windows\system32\mswsock.dll
0x00007ff89bb00000 - 0x00007ff89bb16000 	C:\Program Files\Java\jdk-19\bin\nio.dll
0x00007ff8b2020000 - 0x00007ff8b2030000 	C:\Program Files\Java\jdk-19\bin\verify.dll
0x00007ff88cbf0000 - 0x00007ff88cc17000 	C:\Users\Administrator\.gradle\native\c067742578af261105cb4f569cf0c3c89f3d7b1fecec35dd04571415982c5e48\windows-amd64\native-platform.dll
0x00007ff8906a0000 - 0x00007ff8907e4000 	C:\Users\Administrator\.gradle\native\100fb08df4bc3b14c8652ba06237920a3bd2aa13389f12d3474272988ae205f9\windows-amd64\native-platform-file-events.dll
0x00007ff8b1060000 - 0x00007ff8b106a000 	C:\Program Files\Java\jdk-19\bin\management.dll
0x00007ff8a8fb0000 - 0x00007ff8a8fbb000 	C:\Program Files\Java\jdk-19\bin\management_ext.dll
0x00007ff8be010000 - 0x00007ff8be018000 	C:\Windows\System32\PSAPI.DLL
0x00007ff8bc510000 - 0x00007ff8bc528000 	C:\Windows\SYSTEM32\CRYPTSP.dll
0x00007ff8bb7a0000 - 0x00007ff8bb7d8000 	C:\Windows\system32\rsaenh.dll
0x00007ff8bc6c0000 - 0x00007ff8bc6ee000 	C:\Windows\SYSTEM32\USERENV.dll
0x00007ff8bc060000 - 0x00007ff8bc06c000 	C:\Windows\SYSTEM32\CRYPTBASE.dll
0x00007ff8bbb80000 - 0x00007ff8bbbbb000 	C:\Windows\SYSTEM32\IPHLPAPI.DLL
0x00007ff8bd1a0000 - 0x00007ff8bd1a8000 	C:\Windows\System32\NSI.dll
0x00007ff8b4060000 - 0x00007ff8b4077000 	C:\Windows\SYSTEM32\dhcpcsvc6.DLL
0x00007ff8b4720000 - 0x00007ff8b473d000 	C:\Windows\SYSTEM32\dhcpcsvc.DLL
0x00007ff8bbbd0000 - 0x00007ff8bbc9a000 	C:\Windows\SYSTEM32\DNSAPI.dll
0x00007ff8a74c0000 - 0x00007ff8a74c8000 	C:\Program Files\Java\jdk-19\bin\extnet.dll
0x00007ff8a6070000 - 0x00007ff8a607e000 	C:\Program Files\Java\jdk-19\bin\sunmscapi.dll
0x00007ff8bce30000 - 0x00007ff8bcf8d000 	C:\Windows\System32\CRYPT32.dll
0x00007ff8bc160000 - 0x00007ff8bc187000 	C:\Windows\SYSTEM32\ncrypt.dll
0x00007ff8bc120000 - 0x00007ff8bc15b000 	C:\Windows\SYSTEM32\NTASN1.dll
0x00007ff89e470000 - 0x00007ff89e477000 	C:\Windows\system32\wshunix.dll
0x00007ff8b46f0000 - 0x00007ff8b46fa000 	C:\Windows\System32\rasadhlp.dll
0x00007ff8b1a00000 - 0x00007ff8b1a80000 	C:\Windows\System32\fwpuclnt.dll
0x00007ff8a0540000 - 0x00007ff8a0557000 	C:\Windows\system32\napinsp.dll
0x00007ff8a0520000 - 0x00007ff8a053b000 	C:\Windows\system32\pnrpnsp.dll
0x00007ff8b6600000 - 0x00007ff8b661d000 	C:\Windows\system32\wshbth.dll
0x00007ff8b88e0000 - 0x00007ff8b88fd000 	C:\Windows\system32\NLAapi.dll
0x00007ff8a0500000 - 0x00007ff8a0512000 	C:\Windows\System32\winrnr.dll

dbghelp: loaded successfully - version: 4.0.5 - missing functions: none
symbol engine: initialized successfully - sym options: 0x614 - pdb path: .;C:\Program Files\Java\jdk-19\bin;C:\Windows\SYSTEM32;C:\Windows\WinSxS\amd64_microsoft.windows.common-controls_6595b64144ccf1df_6.0.19041.5794_none_60bcd33171f2783c;C:\Program Files (x86)\360\Total Security\safemon;C:\Program Files\Java\jdk-19\bin\server;C:\Users\Administrator\.gradle\native\c067742578af261105cb4f569cf0c3c89f3d7b1fecec35dd04571415982c5e48\windows-amd64;C:\Users\Administrator\.gradle\native\100fb08df4bc3b14c8652ba06237920a3bd2aa13389f12d3474272988ae205f9\windows-amd64

VM Arguments:
jvm_args: -XX:MaxMetaspaceSize=4G -XX:ReservedCodeCacheSize=512m -XX:+HeapDumpOnOutOfMemoryError --add-opens=java.base/java.util=ALL-UNNAMED --add-opens=java.base/java.lang=ALL-UNNAMED --add-opens=java.base/java.lang.invoke=ALL-UNNAMED --add-opens=java.prefs/java.util.prefs=ALL-UNNAMED --add-exports=jdk.compiler/com.sun.tools.javac.api=ALL-UNNAMED --add-exports=jdk.compiler/com.sun.tools.javac.util=ALL-UNNAMED --add-opens=java.base/java.nio.charset=ALL-UNNAMED --add-opens=java.base/java.net=ALL-UNNAMED --add-opens=java.base/java.util.concurrent.atomic=ALL-UNNAMED -Xmx8G -Dfile.encoding=utf8 -Duser.country=US -Duser.language=en -Duser.variant -javaagent:C:\Users\Administrator\.gradle\wrapper\dists\gradle-8.10.2-all\7iv73wktx1xtkvlq19urqw1wm\gradle-8.10.2\lib\agents\gradle-instrumentation-agent-8.10.2.jar 
java_command: org.gradle.launcher.daemon.bootstrap.GradleDaemon 8.10.2
java_class_path (initial): C:\Users\Administrator\.gradle\wrapper\dists\gradle-8.10.2-all\7iv73wktx1xtkvlq19urqw1wm\gradle-8.10.2\lib\gradle-daemon-main-8.10.2.jar
Launcher Type: SUN_STANDARD

[Global flags]
     intx CICompilerCount                          = 4                                         {product} {ergonomic}
     uint ConcGCThreads                            = 2                                         {product} {ergonomic}
     uint G1ConcRefinementThreads                  = 8                                         {product} {ergonomic}
   size_t G1HeapRegionSize                         = 4194304                                   {product} {ergonomic}
    uintx GCDrainStackTargetSize                   = 64                                        {product} {ergonomic}
     bool HeapDumpOnOutOfMemoryError               = true                                   {manageable} {command line}
   size_t InitialHeapSize                          = 264241152                                 {product} {ergonomic}
   size_t MarkStackSize                            = 4194304                                   {product} {ergonomic}
   size_t MaxHeapSize                              = 8589934592                                {product} {command line}
   size_t MaxMetaspaceSize                         = 4294967296                                {product} {command line}
   size_t MaxNewSize                               = 5150605312                                {product} {ergonomic}
   size_t MinHeapDeltaBytes                        = 4194304                                   {product} {ergonomic}
   size_t MinHeapSize                              = 8388608                                   {product} {ergonomic}
    uintx NonNMethodCodeHeapSize                   = 5839372                                {pd product} {ergonomic}
    uintx NonProfiledCodeHeapSize                  = 265515770                              {pd product} {ergonomic}
    uintx ProfiledCodeHeapSize                     = 265515770                              {pd product} {ergonomic}
    uintx ReservedCodeCacheSize                    = 536870912                              {pd product} {command line}
     bool SegmentedCodeCache                       = true                                      {product} {ergonomic}
   size_t SoftMaxHeapSize                          = 8589934592                             {manageable} {ergonomic}
   double SweeperThreshold                         = 0.234375                                  {product} {ergonomic}
     bool UseCompressedClassPointers               = true                           {product lp64_product} {ergonomic}
     bool UseCompressedOops                        = true                           {product lp64_product} {ergonomic}
     bool UseG1GC                                  = true                                      {product} {ergonomic}
     bool UseLargePagesIndividualAllocation        = false                                  {pd product} {ergonomic}

Logging:
Log output configuration:
 #0: stdout all=warning uptime,level,tags foldmultilines=false
 #1: stderr all=off uptime,level,tags foldmultilines=false

Environment Variables:
JAVA_HOME=D:\Java\jdk-17.0.12
PATH=C:\Program Files (x86)\Common Files\Oracle\Java\javapath;C:\Windows\system32;C:\Windows;C:\Windows\System32\Wbem;C:\Windows\System32\WindowsPowerShell\v1.0\;C:\Windows\System32\OpenSSH\;C:\Program Files\Git\cmd;C:\Program Files\nodejs\;C:\ProgramData\chocolatey\bin;D:\Installers\MongoDB\mongodb-database-tools-windows-x86_64-100.11.0\bin;C:\Users\Administrator\AppData\Local\Programs\Python\Launcher\;C:\Windows\system32;C:\Windows;C:\Windows\System32\Wbem;C:\Windows\System32\WindowsPowerShell\v1.0\;C:\Windows\System32\OpenSSH\;C:\Program Files\Git\cmd;C:\Program Files\nodejs\;C:\ProgramData\chocolatey\bin;D:\Installers\MongoDB\mongodb-database-tools-windows-x86_64-100.11.0\bin;C:\Users\Administrator\AppData\Local\Programs\Microsoft VS Code\bin;D:\Installers\MongoDB\mongodb-database-tools-windows-x86_64-100.11.0\bin;C:\Users\Administrator\AppData\Roaming\npm;D:\Installers\Postman\Postman-win64-Setup.exe;D:\Installers\Flutter\flutter\bin;D:\Installers\Android Studio\Program Files\bin;C:\Users\Administrator\AppData\Local\Pub\Cache\bin;C:\Program Files\MySQL\MySQL Shell 8.0\bin\;C:\Users\Administrator\AppData\Local\Programs\Python\Launcher\;C:\Program Files (x86)\Common Files\Oracle\Java\javapath;C:\Windows\system32;C:\Windows;C:\Windows\System32\Wbem;C:\Windows\System32\WindowsPowerShell\v1.0\;C:\Windows\System32\OpenSSH\;C:\Program Files\Git\cmd;C:\Program Files\nodejs\;C:\ProgramData\chocolatey\bin;D:\Installers\MongoDB\mongodb-database-tools-windows-x86_64-100.11.0\bin;C:\Users\Administrator\AppData\Local\Programs\Python\Launcher\;C:\Windows\system32;C:\Windows;C:\Windows\System32\Wbem;C:\Windows\System32\WindowsPowerShell\v1.0\;C:\Windows\System32\OpenSSH\;C:\Program Files\Git\cmd;C:\Program Files\nodejs\;C:\ProgramData\chocolatey\bin;D:\Installers\MongoDB\mongodb-database-tools-windows-x86_64-100.11.0\bin;C:\Users\Administrator\AppData\Local\Programs\Microsoft VS Code\bin;D:\Installers\MongoDB\mongodb-database-tools-windows-x86_64-100.11.0\bin;C:\Users\Administrator\AppData\Roaming\npm;D:\Installers\Postman\Postman-win64-Setup.exe;D:\Installers\Flutter\flutter\bin;D:\Installers\Android Studio\Program Files\bin;C:\Users\Administrator\AppData\Local\Pub\Cache\bin;;C:\Users\Administrator\AppData\Local\Programs\Microsoft VS Code\bin;D:\Installers\MongoDB\mongodb-database-tools-windows-x86_64-100.11.0\bin;C:\Users\Administrator\AppData\Roaming\npm;D:\Installers\Postman\Postman-win64-Setup.exe;C:\Users\Administrator\AppData\Local\GitHubDesktop\bin;D:\Installers\sqlite-tools-win-x64-3490200;C:\Users\Administrator\AppData\Local\Programs\Python\Python313;
USERNAME=Administrator
OS=Windows_NT
PROCESSOR_IDENTIFIER=Intel64 Family 6 Model 60 Stepping 3, GenuineIntel
TMP=C:\Users\ADMINI~1\AppData\Local\Temp
TEMP=C:\Users\ADMINI~1\AppData\Local\Temp



---------------  S Y S T E M  ---------------

OS:
 Windows 10 , 64 bit Build 19041 (10.0.19041.5794)
OS uptime: 2 days 7:37 hours
Hyper-V role detected

CPU: total 8 (initial active 8) (4 cores per cpu, 2 threads per core) family 6 model 60 stepping 3 microcode 0x27, cx8, cmov, fxsr, ht, mmx, sse, sse2, sse3, ssse3, sse4.1, sse4.2, popcnt, lzcnt, tsc, tscinvbit, avx, avx2, aes, erms, clmul, bmi1, bmi2, fma, vzeroupper, clflush, hv, rdtscp

Memory: 4k page, system-wide physical 16098M (1937M free)
TotalPageFile size 30985M (AvailPageFile size 429M)
current process WorkingSet (physical memory assigned to process): 1007M, peak: 1007M
current process commit charge ("private bytes"): 1058M, peak: 1824M

vm_info: Java HotSpot(TM) 64-Bit Server VM (19.0.2+7-44) for windows-amd64 JRE (19.0.2+7-44), built on 2022-11-30T18:02:09Z by "mach5one" with MS VC++ 17.1 (VS2022)

END.
